#
# There is insufficient memory for the Java Runtime Environment to continue.
# Native memory allocation (malloc) failed to allocate 1176576 bytes for Chunk::new
# Possible reasons:
#   The system is out of physical RAM or swap space
#   In 32 bit mode, the process size limit was hit
# Possible solutions:
#   Reduce memory load on the system
#   Increase physical memory or swap space
#   Check if swap backing store is full
#   Use 64 bit Java on a 64 bit OS
#   Decrease Java heap size (-Xmx/-Xms)
#   Decrease number of Java threads
#   Decrease Java thread stack sizes (-Xss)
#   Set larger code cache with -XX:ReservedCodeCacheSize=
# This output file may be truncated or incomplete.
#
#  Out of Memory Error (allocation.cpp:390), pid=12976, tid=0x00000000000022fc
#
# JRE version: OpenJDK Runtime Environment (8.0_76-b03) (build 1.8.0_76-release-b03)
# Java VM: OpenJDK 64-Bit Server VM (25.76-b03 mixed mode windows-amd64 compressed oops)
# Failed to write core dump. Minidumps are not enabled by default on client versions of Windows
#

---------------  T H R E A D  ---------------

Current thread (0x00000000167d7800):  JavaThread "C2 CompilerThread0" daemon [_thread_in_native, id=8956, stack(0x0000000017e10000,0x0000000017f10000)]

Stack: [0x0000000017e10000,0x0000000017f10000]
[error occurred during error reporting (printing stack bounds), id 0xc0000005]

Native frames: (J=compiled Java code, j=interpreted, Vv=VM code, C=native code)


Current CompileTask:
C2:  81014 7205  s    4       java.beans.PropertyDescriptor::setReadMethod (64 bytes)


---------------  P R O C E S S  ---------------

Java Threads: ( => current thread )
  0x0000000019e29000 JavaThread "Stdin handler" [_thread_blocked, id=16212, stack(0x0000000021800000,0x0000000021900000)]
  0x0000000019e2a000 JavaThread "Asynchronous log dispatcher for org.gradle.launcher.daemon.server.DefaultDaemonConnection@519323a0" [_thread_blocked, id=7016, stack(0x0000000021700000,0x0000000021800000)]
  0x0000000019e28800 JavaThread "Cancel handler" [_thread_blocked, id=13472, stack(0x0000000021600000,0x0000000021700000)]
  0x0000000019e24800 JavaThread "Handler for socket connection from /127.0.0.1:59283 to /127.0.0.1:59419" [_thread_in_native, id=8552, stack(0x0000000021500000,0x0000000021600000)]
  0x0000000019974000 JavaThread "File lock request listener" [_thread_in_native, id=2788, stack(0x000000001c820000,0x000000001c920000)]
  0x0000000019c27000 JavaThread "Daemon worker" [_thread_in_vm, id=10196, stack(0x000000001aaf0000,0x000000001abf0000)]
  0x00000000196e4000 JavaThread "Daemon" [_thread_blocked, id=13844, stack(0x000000001a7f0000,0x000000001a8f0000)]
  0x0000000019750000 JavaThread "pool-1-thread-1" [_thread_blocked, id=13192, stack(0x000000001a6f0000,0x000000001a7f0000)]
  0x0000000019af9000 JavaThread "Incoming local TCP Connector on port 59283" [_thread_in_native, id=5064, stack(0x0000000018f10000,0x0000000019010000)]
  0x000000001682e800 JavaThread "Service Thread" daemon [_thread_blocked, id=1892, stack(0x0000000018510000,0x0000000018610000)]
  0x00000000167cb800 JavaThread "C1 CompilerThread2" daemon [_thread_blocked, id=14472, stack(0x0000000018010000,0x0000000018110000)]
  0x00000000167c8000 JavaThread "C2 CompilerThread1" daemon [_thread_in_native, id=13208, stack(0x0000000017f10000,0x0000000018010000)]
=>0x00000000167d7800 JavaThread "C2 CompilerThread0" daemon [_thread_in_native, id=8956, stack(0x0000000017e10000,0x0000000017f10000)]
  0x00000000167d6000 JavaThread "Attach Listener" daemon [_thread_blocked, id=4176, stack(0x0000000017d10000,0x0000000017e10000)]
  0x00000000167d5000 JavaThread "Signal Dispatcher" daemon [_thread_blocked, id=14880, stack(0x0000000017c10000,0x0000000017d10000)]
  0x0000000002e5b000 JavaThread "Finalizer" daemon [_thread_blocked, id=12676, stack(0x0000000017a20000,0x0000000017b20000)]
  0x0000000002e50000 JavaThread "Reference Handler" daemon [_thread_blocked, id=4128, stack(0x0000000017920000,0x0000000017a20000)]
  0x0000000002d60800 JavaThread "main" [_thread_blocked, id=4344, stack(0x0000000002c60000,0x0000000002d60000)]

Other Threads:
  0x0000000016795000 VMThread [stack: 0x0000000017820000,0x0000000017920000] [id=4224]
  0x0000000018136000 WatcherThread [stack: 0x0000000018610000,0x0000000018710000] [id=15292]

VM state:not at safepoint (normal execution)

VM Mutex/Monitor currently owned by a thread: None

Heap:
 PSYoungGen      total 127488K, used 45166K [0x00000000e0000000, 0x00000000e9880000, 0x0000000100000000)
  eden space 104448K, 37% used [0x00000000e0000000,0x00000000e26709f0,0x00000000e6600000)
  from space 23040K, 25% used [0x00000000e8200000,0x00000000e87ab0f8,0x00000000e9880000)
  to   space 20992K, 0% used [0x00000000e6600000,0x00000000e6600000,0x00000000e7a80000)
 ParOldGen       total 104960K, used 43675K [0x00000000a0000000, 0x00000000a6680000, 0x00000000e0000000)
  object space 104960K, 41% used [0x00000000a0000000,0x00000000a2aa6c00,0x00000000a6680000)
 Metaspace       used 57500K, capacity 59822K, committed 59904K, reserved 1101824K
  class space    used 7849K, capacity 8406K, committed 8448K, reserved 1048576K

Card table byte_map: [0x0000000012220000,0x0000000012530000] byte_map_base: 0x0000000011d20000

Marking Bits: (ParMarkBitMap*) 0x00000000707f9d00
 Begin Bits: [0x0000000012b30000, 0x0000000014330000)
 End Bits:   [0x0000000014330000, 0x0000000015b30000)

Polling page: 0x0000000000ea0000

CodeCache: size=245760Kb used=22999Kb max_used=23750Kb free=222760Kb
 bounds [0x0000000002e60000, 0x00000000045c0000, 0x0000000011e60000]
 total_blobs=6939 nmethods=6231 adapters=620
 compilation: enabled

Compilation events (10 events):
Event: 80.383 Thread 0x00000000167cb800 7218       3       org.codehaus.groovy.runtime.callsite.AbstractCallSite::noWrappers (27 bytes)
Event: 80.384 Thread 0x00000000167cb800 nmethod 7218 0x000000000362e310 code [0x000000000362e480, 0x000000000362e7b0]
Event: 80.385 Thread 0x00000000167cb800 7219       3       org.codehaus.groovy.runtime.callsite.AbstractCallSite::noCoerce (54 bytes)
Event: 80.386 Thread 0x00000000167cb800 nmethod 7219 0x0000000003449d10 code [0x0000000003449ea0, 0x000000000344a3b8]
Event: 80.388 Thread 0x00000000167cb800 7221       3       groovy.lang.MetaClassImpl$1MOPIter::methodNameAction (479 bytes)
Event: 80.393 Thread 0x00000000167cb800 nmethod 7221 0x0000000003039d10 code [0x000000000303a160, 0x000000000303cb78]
Event: 80.473 Thread 0x00000000167cb800 7222       3       org.codehaus.groovy.util.FastArray::<init> (13 bytes)
Event: 80.474 Thread 0x00000000167cb800 nmethod 7222 0x000000000366de10 code [0x000000000366df80, 0x000000000366e1d0]
Event: 80.505 Thread 0x00000000167cb800 7224       3       org.gradle.api.internal.DefaultDomainObjectCollection::createFilter (9 bytes)
Event: 80.506 Thread 0x00000000167cb800 nmethod 7224 0x0000000003192cd0 code [0x0000000003192e60, 0x0000000003193210]

GC Heap History (10 events):
Event: 41.839 GC heap before
{Heap before GC invocations=15 (full 2):
 PSYoungGen      total 98816K, used 98257K [0x00000000e0000000, 0x00000000e6e00000, 0x0000000100000000)
  eden space 88064K, 100% used [0x00000000e0000000,0x00000000e5600000,0x00000000e5600000)
  from space 10752K, 94% used [0x00000000e6380000,0x00000000e6d74510,0x00000000e6e00000)
  to   space 12288K, 0% used [0x00000000e5600000,0x00000000e5600000,0x00000000e6200000)
 ParOldGen       total 104960K, used 15564K [0x00000000a0000000, 0x00000000a6680000, 0x00000000e0000000)
  object space 104960K, 14% used [0x00000000a0000000,0x00000000a0f33100,0x00000000a6680000)
 Metaspace       used 47545K, capacity 48856K, committed 49024K, reserved 1091584K
  class space    used 6393K, capacity 6668K, committed 6784K, reserved 1048576K
Event: 42.100 GC heap after
Heap after GC invocations=15 (full 2):
 PSYoungGen      total 100352K, used 12275K [0x00000000e0000000, 0x00000000e8980000, 0x0000000100000000)
  eden space 88064K, 0% used [0x00000000e0000000,0x00000000e0000000,0x00000000e5600000)
  from space 12288K, 99% used [0x00000000e5600000,0x00000000e61fce88,0x00000000e6200000)
  to   space 15360K, 0% used [0x00000000e7a80000,0x00000000e7a80000,0x00000000e8980000)
 ParOldGen       total 104960K, used 20064K [0x00000000a0000000, 0x00000000a6680000, 0x00000000e0000000)
  object space 104960K, 19% used [0x00000000a0000000,0x00000000a13981e0,0x00000000a6680000)
 Metaspace       used 47545K, capacity 48856K, committed 49024K, reserved 1091584K
  class space    used 6393K, capacity 6668K, committed 6784K, reserved 1048576K
}
Event: 47.651 GC heap before
{Heap before GC invocations=16 (full 2):
 PSYoungGen      total 100352K, used 100339K [0x00000000e0000000, 0x00000000e8980000, 0x0000000100000000)
  eden space 88064K, 100% used [0x00000000e0000000,0x00000000e5600000,0x00000000e5600000)
  from space 12288K, 99% used [0x00000000e5600000,0x00000000e61fce88,0x00000000e6200000)
  to   space 15360K, 0% used [0x00000000e7a80000,0x00000000e7a80000,0x00000000e8980000)
 ParOldGen       total 104960K, used 20064K [0x00000000a0000000, 0x00000000a6680000, 0x00000000e0000000)
  object space 104960K, 19% used [0x00000000a0000000,0x00000000a13981e0,0x00000000a6680000)
 Metaspace       used 50501K, capacity 52086K, committed 52352K, reserved 1093632K
  class space    used 6852K, capacity 7250K, committed 7296K, reserved 1048576K
Event: 47.829 GC heap after
Heap after GC invocations=16 (full 2):
 PSYoungGen      total 119808K, used 15328K [0x00000000e0000000, 0x00000000e9480000, 0x0000000100000000)
  eden space 104448K, 0% used [0x00000000e0000000,0x00000000e0000000,0x00000000e6600000)
  from space 15360K, 99% used [0x00000000e7a80000,0x00000000e89781f8,0x00000000e8980000)
  to   space 20992K, 0% used [0x00000000e6600000,0x00000000e6600000,0x00000000e7a80000)
 ParOldGen       total 104960K, used 29121K [0x00000000a0000000, 0x00000000a6680000, 0x00000000e0000000)
  object space 104960K, 27% used [0x00000000a0000000,0x00000000a1c70450,0x00000000a6680000)
 Metaspace       used 50501K, capacity 52086K, committed 52352K, reserved 1093632K
  class space    used 6852K, capacity 7250K, committed 7296K, reserved 1048576K
}
Event: 49.368 GC heap before
{Heap before GC invocations=17 (full 2):
 PSYoungGen      total 119808K, used 63479K [0x00000000e0000000, 0x00000000e9480000, 0x0000000100000000)
  eden space 104448K, 46% used [0x00000000e0000000,0x00000000e2f05bb0,0x00000000e6600000)
  from space 15360K, 99% used [0x00000000e7a80000,0x00000000e89781f8,0x00000000e8980000)
  to   space 20992K, 0% used [0x00000000e6600000,0x00000000e6600000,0x00000000e7a80000)
 ParOldGen       total 104960K, used 29121K [0x00000000a0000000, 0x00000000a6680000, 0x00000000e0000000)
  object space 104960K, 27% used [0x00000000a0000000,0x00000000a1c70450,0x00000000a6680000)
 Metaspace       used 52013K, capacity 54070K, committed 54272K, reserved 1095680K
  class space    used 7122K, capacity 7660K, committed 7680K, reserved 1048576K
Event: 49.444 GC heap after
Heap after GC invocations=17 (full 2):
 PSYoungGen      total 125440K, used 18639K [0x00000000e0000000, 0x00000000e9880000, 0x0000000100000000)
  eden space 104448K, 0% used [0x00000000e0000000,0x00000000e0000000,0x00000000e6600000)
  from space 20992K, 88% used [0x00000000e6600000,0x00000000e7833c90,0x00000000e7a80000)
  to   space 23040K, 0% used [0x00000000e8200000,0x00000000e8200000,0x00000000e9880000)
 ParOldGen       total 104960K, used 29129K [0x00000000a0000000, 0x00000000a6680000, 0x00000000e0000000)
  object space 104960K, 27% used [0x00000000a0000000,0x00000000a1c72450,0x00000000a6680000)
 Metaspace       used 52013K, capacity 54070K, committed 54272K, reserved 1095680K
  class space    used 7122K, capacity 7660K, committed 7680K, reserved 1048576K
}
Event: 49.444 GC heap before
{Heap before GC invocations=18 (full 3):
 PSYoungGen      total 125440K, used 18639K [0x00000000e0000000, 0x00000000e9880000, 0x0000000100000000)
  eden space 104448K, 0% used [0x00000000e0000000,0x00000000e0000000,0x00000000e6600000)
  from space 20992K, 88% used [0x00000000e6600000,0x00000000e7833c90,0x00000000e7a80000)
  to   space 23040K, 0% used [0x00000000e8200000,0x00000000e8200000,0x00000000e9880000)
 ParOldGen       total 104960K, used 29129K [0x00000000a0000000, 0x00000000a6680000, 0x00000000e0000000)
  object space 104960K, 27% used [0x00000000a0000000,0x00000000a1c72450,0x00000000a6680000)
 Metaspace       used 52013K, capacity 54070K, committed 54272K, reserved 1095680K
  class space    used 7122K, capacity 7660K, committed 7680K, reserved 1048576K
Event: 50.540 GC heap after
Heap after GC invocations=18 (full 3):
 PSYoungGen      total 125440K, used 0K [0x00000000e0000000, 0x00000000e9880000, 0x0000000100000000)
  eden space 104448K, 0% used [0x00000000e0000000,0x00000000e0000000,0x00000000e6600000)
  from space 20992K, 0% used [0x00000000e6600000,0x00000000e6600000,0x00000000e7a80000)
  to   space 23040K, 0% used [0x00000000e8200000,0x00000000e8200000,0x00000000e9880000)
 ParOldGen       total 104960K, used 43667K [0x00000000a0000000, 0x00000000a6680000, 0x00000000e0000000)
  object space 104960K, 41% used [0x00000000a0000000,0x00000000a2aa4c00,0x00000000a6680000)
 Metaspace       used 52013K, capacity 54070K, committed 54272K, reserved 1095680K
  class space    used 7122K, capacity 7660K, committed 7680K, reserved 1048576K
}
Event: 79.834 GC heap before
{Heap before GC invocations=19 (full 3):
 PSYoungGen      total 125440K, used 104448K [0x00000000e0000000, 0x00000000e9880000, 0x0000000100000000)
  eden space 104448K, 100% used [0x00000000e0000000,0x00000000e6600000,0x00000000e6600000)
  from space 20992K, 0% used [0x00000000e6600000,0x00000000e6600000,0x00000000e7a80000)
  to   space 23040K, 0% used [0x00000000e8200000,0x00000000e8200000,0x00000000e9880000)
 ParOldGen       total 104960K, used 43667K [0x00000000a0000000, 0x00000000a6680000, 0x00000000e0000000)
  object space 104960K, 41% used [0x00000000a0000000,0x00000000a2aa4c00,0x00000000a6680000)
 Metaspace       used 55584K, capacity 57840K, committed 58112K, reserved 1099776K
  class space    used 7569K, capacity 8131K, committed 8192K, reserved 1048576K
Event: 79.845 GC heap after
Heap after GC invocations=19 (full 3):
 PSYoungGen      total 127488K, used 5804K [0x00000000e0000000, 0x00000000e9880000, 0x0000000100000000)
  eden space 104448K, 0% used [0x00000000e0000000,0x00000000e0000000,0x00000000e6600000)
  from space 23040K, 25% used [0x00000000e8200000,0x00000000e87ab0f8,0x00000000e9880000)
  to   space 20992K, 0% used [0x00000000e6600000,0x00000000e6600000,0x00000000e7a80000)
 ParOldGen       total 104960K, used 43675K [0x00000000a0000000, 0x00000000a6680000, 0x00000000e0000000)
  object space 104960K, 41% used [0x00000000a0000000,0x00000000a2aa6c00,0x00000000a6680000)
 Metaspace       used 55584K, capacity 57840K, committed 58112K, reserved 1099776K
  class space    used 7569K, capacity 8131K, committed 8192K, reserved 1048576K
}

Deoptimization events (10 events):
Event: 79.410 Thread 0x0000000019c27000 Uncommon trap: reason=bimorphic action=maybe_recompile pc=0x0000000003a04b84 method=java.security.MessageDigest$Delegate.engineUpdate([BII)V @ 7
Event: 79.410 Thread 0x0000000019c27000 Uncommon trap: reason=bimorphic action=maybe_recompile pc=0x0000000003a04b84 method=java.security.MessageDigest$Delegate.engineUpdate([BII)V @ 7
Event: 79.410 Thread 0x0000000019c27000 Uncommon trap: reason=bimorphic action=maybe_recompile pc=0x0000000003a05c4c method=sun.security.provider.DigestBase.engineUpdate([BII)V @ 128
Event: 80.383 Thread 0x0000000019c27000 Uncommon trap: reason=speculate_class_check action=maybe_recompile pc=0x0000000004356474 method=groovy.lang.MetaMethod.doMethodInvoke(Ljava/lang/Object;[Ljava/lang/Object;)Ljava/lang/Object; @ 9
Event: 80.385 Thread 0x0000000019c27000 Uncommon trap: reason=bimorphic action=maybe_recompile pc=0x00000000036246dc method=org.codehaus.groovy.runtime.metaclass.MetaMethodIndex.addMethodToList(Ljava/lang/Object;Lgroovy/lang/MetaMethod;)Ljava/lang/Object; @ 97
Event: 80.385 Thread 0x0000000019c27000 Uncommon trap: reason=bimorphic action=maybe_recompile pc=0x00000000036246dc method=org.codehaus.groovy.runtime.metaclass.MetaMethodIndex.addMethodToList(Ljava/lang/Object;Lgroovy/lang/MetaMethod;)Ljava/lang/Object; @ 97
Event: 80.386 Thread 0x0000000019c27000 Uncommon trap: reason=bimorphic action=maybe_recompile pc=0x00000000036246dc method=org.codehaus.groovy.runtime.metaclass.MetaMethodIndex.addMethodToList(Ljava/lang/Object;Lgroovy/lang/MetaMethod;)Ljava/lang/Object; @ 97
Event: 80.386 Thread 0x0000000019c27000 Uncommon trap: reason=bimorphic action=maybe_recompile pc=0x00000000036246dc method=org.codehaus.groovy.runtime.metaclass.MetaMethodIndex.addMethodToList(Ljava/lang/Object;Lgroovy/lang/MetaMethod;)Ljava/lang/Object; @ 97
Event: 80.386 Thread 0x0000000019c27000 Uncommon trap: reason=unstable_if action=reinterpret pc=0x0000000004198540 method=groovy.lang.MetaClassImpl$1MOPIter.methodNameAction(Ljava/lang/Class;Lorg/codehaus/groovy/runtime/metaclass/MetaMethodIndex$Entry;)V @ 259
Event: 80.389 Thread 0x0000000019c27000 Uncommon trap: reason=unstable_if action=reinterpret pc=0x000000000355e754 method=com.sun.beans.finder.MethodFinder.findAccessibleMethod(Ljava/lang/reflect/Method;)Ljava/lang/reflect/Method; @ 31

Internal exceptions (10 events):
Event: 80.337 Thread 0x0000000019c27000 Exception <a 'java/lang/ClassNotFoundException': build_33lomtwo8nuirsonoikvwmusk$_run_closure1BeanInfo> (0x00000000e1c699f8) thrown at [C:\src\android\AOSP-openjdk\external\jetbrains\jdk\hotspot\src\share\vm\classfile\systemDictionary.cpp, line 210]
Event: 80.337 Thread 0x0000000019c27000 Exception <a 'java/lang/ClassNotFoundException': build_33lomtwo8nuirsonoikvwmusk$_run_closure1Customizer> (0x00000000e1c7e4e8) thrown at [C:\src\android\AOSP-openjdk\external\jetbrains\jdk\hotspot\src\share\vm\classfile\systemDictionary.cpp, line 210]
Event: 80.375 Thread 0x0000000019c27000 Exception <a 'java/lang/ClassNotFoundException': com/google/gms/googleservices/GoogleServicesPluginBeanInfo> (0x00000000e1d5c840) thrown at [C:\src\android\AOSP-openjdk\external\jetbrains\jdk\hotspot\src\share\vm\classfile\systemDictionary.cpp, line 210]
Event: 80.375 Thread 0x0000000019c27000 Exception <a 'java/lang/ClassNotFoundException': com/google/gms/googleservices/GoogleServicesPluginCustomizer> (0x00000000e1d6c818) thrown at [C:\src\android\AOSP-openjdk\external\jetbrains\jdk\hotspot\src\share\vm\classfile\systemDictionary.cpp, line 210]
Event: 80.388 Thread 0x0000000019c27000 Exception <a 'java/lang/ClassNotFoundException': com/google/gms/googleservices/GoogleServicesPlugin$PluginTypeBeanInfo> (0x00000000e1e0e178) thrown at [C:\src\android\AOSP-openjdk\external\jetbrains\jdk\hotspot\src\share\vm\classfile\systemDictionary.cpp, «¶'\ÚT@
Event: 80.388 Thread 0x0000000019c27000 Exception <a 'java/lang/ClassNotFoundException': com/google/gms/googleservices/GoogleServicesPlugin$PluginTypeCustomizer> (0x00000000e1e21810) thrown at [C:\src\android\AOSP-openjdk\external\jetbrains\jdk\hotspot\src\share\vm\classfile\systemDictionary.cpp¶æ¦4ïT@
Event: 80.483 Thread 0x0000000019c27000 Exception <a 'java/lang/ClassNotFoundException': org/codehaus/groovy/transform/ImmutableASTTransformationBeanInfo> (0x00000000e1f7fb68) thrown at [C:\src\android\AOSP-openjdk\external\jetbrains\jdk\hotspot\src\share\vm\classfile\systemDictionary.cpp, line ª‡œJT@
Event: 80.485 Thread 0x0000000019c27000 Exception <a 'java/lang/ClassNotFoundException': org/codehaus/groovy/transform/AbstractASTTransformationBeanInfo> (0x00000000e1fa9c88) thrown at [C:\src\android\AOSP-openjdk\external\jetbrains\jdk\hotspot\src\share\vm\classfile\systemDictionary.cpp, line 2Èüî”GT@
Event: 80.489 Thread 0x0000000019c27000 Exception <a 'java/lang/ClassNotFoundException': org/codehaus/groovy/transform/AbstractASTTransformationCustomizer> (0x00000000e1fd4710) thrown at [C:\src\android\AOSP-openjdk\external\jetbrains\jdk\hotspot\src\share\vm\classfile\systemDictionary.cpp, line&(A"®T@
Event: 80.495 Thread 0x0000000019c27000 Exception <a 'java/lang/ClassNotFoundException': org/codehaus/groovy/transform/ImmutableASTTransformationCustomizer> (0x00000000e200fa40) thrown at [C:\src\android\AOSP-openjdk\external\jetbrains\jdk\hotspot\src\share\vm\classfile\systemDictionary.cpp, lin»ª/LŠT@

Events (10 events):
Event: 80.491 loading class org/codehaus/groovy/transform/ImmutableASTTransformationCustomizer
Event: 80.492 loading class org/codehaus/groovy/transform/ImmutableASTTransformationCustomizer done
Event: 80.492 loading class org/codehaus/groovy/transform/ImmutableASTTransformationCustomizer
Event: 80.492 loading class org/codehaus/groovy/transform/ImmutableASTTransformationCustomizer done
Event: 80.492 loading class org/codehaus/groovy/transform/ImmutableASTTransformationCustomizer
Event: 80.492 loading class org/codehaus/groovy/transform/ImmutableASTTransformationCustomizer done
Event: 80.501 loading class org/codehaus/groovy/runtime/dgm$356
Event: 80.501 loading class org/codehaus/groovy/runtime/dgm$356 done
Event: 80.503 loading class groovy/runtime/metaclass/com/google/gms/googleservices/GoogleServicesPlugin$_setupPlugin_closure5MetaClass
Event: 80.503 loading class groovy/runtime/metaclass/com/google/gms/googleservices/GoogleServicesPlugin$_setupPlugin_closure5MetaClass done


Dynamic libraries:
0x00007ff7b4af0000 - 0x00007ff7b4b21000 	C:\Program Files\Android\Android Studio\jre\bin\java.exe
0x00007ffd22f40000 - 0x00007ffd2311b000 	C:\WINDOWS\SYSTEM32\ntdll.dll
0x00007ffd214b0000 - 0x00007ffd2155e000 	C:\WINDOWS\System32\KERNEL32.DLL
0x00007ffd20080000 - 0x00007ffd202c9000 	C:\WINDOWS\System32\KERNELBASE.dll
0x00007ffd21600000 - 0x00007ffd216a1000 	C:\WINDOWS\System32\ADVAPI32.dll
0x00007ffd20b60000 - 0x00007ffd20bfd000 	C:\WINDOWS\System32\msvcrt.dll
0x00007ffd216b0000 - 0x00007ffd21709000 	C:\WINDOWS\System32\sechost.dll
0x00007ffd21920000 - 0x00007ffd21a45000 	C:\WINDOWS\System32\RPCRT4.dll
0x00007ffd21010000 - 0x00007ffd2115a000 	C:\WINDOWS\System32\USER32.dll
0x00007ffd20060000 - 0x00007ffd2007e000 	C:\WINDOWS\System32\win32u.dll
0x00007ffd21480000 - 0x00007ffd214a7000 	C:\WINDOWS\System32\GDI32.dll
0x00007ffd1f460000 - 0x00007ffd1f5e7000 	C:\WINDOWS\System32\gdi32full.dll
0x00007ffd1f750000 - 0x00007ffd1f7ea000 	C:\WINDOWS\System32\msvcp_win.dll
0x00007ffd1ff60000 - 0x00007ffd20056000 	C:\WINDOWS\System32\ucrtbase.dll
0x00007ffd0ef90000 - 0x00007ffd0f1f7000 	C:\WINDOWS\WinSxS\amd64_microsoft.windows.common-controls_6595b64144ccf1df_6.0.15063.483_none_26002d27e7c744a2\COMCTL32.dll
0x00007ffd20d10000 - 0x00007ffd21009000 	C:\WINDOWS\System32\combase.dll
0x00007ffd1fef0000 - 0x00007ffd1ff5a000 	C:\WINDOWS\System32\bcryptPrimitives.dll
0x00007ffd21560000 - 0x00007ffd2158d000 	C:\WINDOWS\System32\IMM32.DLL
0x0000000071260000 - 0x0000000071332000 	C:\Program Files\Android\Android Studio\jre\jre\bin\msvcr100.dll
0x0000000070040000 - 0x0000000070874000 	C:\Program Files\Android\Android Studio\jre\jre\bin\server\jvm.dll
0x00007ffd21590000 - 0x00007ffd21598000 	C:\WINDOWS\System32\PSAPI.DLL
0x00007ffd1c220000 - 0x00007ffd1c229000 	C:\WINDOWS\SYSTEM32\WSOCK32.dll
0x00007ffd208e0000 - 0x00007ffd2094c000 	C:\WINDOWS\System32\WS2_32.dll
0x00007ffd0ec90000 - 0x00007ffd0ec9a000 	C:\WINDOWS\SYSTEM32\VERSION.dll
0x00007ffd1d670000 - 0x00007ffd1d693000 	C:\WINDOWS\SYSTEM32\WINMM.dll
0x00007ffd1d4e0000 - 0x00007ffd1d50b000 	C:\WINDOWS\SYSTEM32\WINMMBASE.dll
0x00007ffd1f650000 - 0x00007ffd1f699000 	C:\WINDOWS\System32\cfgmgr32.dll
0x00007ffd1c100000 - 0x00007ffd1c10f000 	C:\Program Files\Android\Android Studio\jre\jre\bin\verify.dll
0x00007ffd127c0000 - 0x00007ffd127e9000 	C:\Program Files\Android\Android Studio\jre\jre\bin\java.dll
0x00007ffd17530000 - 0x00007ffd17546000 	C:\Program Files\Android\Android Studio\jre\jre\bin\zip.dll
0x00007ffd21a50000 - 0x00007ffd22e87000 	C:\WINDOWS\System32\SHELL32.dll
0x00007ffd21710000 - 0x00007ffd217ba000 	C:\WINDOWS\System32\shcore.dll
0x00007ffd1f7f0000 - 0x00007ffd1fee1000 	C:\WINDOWS\System32\windows.storage.dll
0x00007ffd21420000 - 0x00007ffd21471000 	C:\WINDOWS\System32\shlwapi.dll
0x00007ffd1f440000 - 0x00007ffd1f451000 	C:\WINDOWS\System32\kernel.appcore.dll
0x00007ffd1f3d0000 - 0x00007ffd1f41c000 	C:\WINDOWS\System32\powrprof.dll
0x00007ffd1f3b0000 - 0x00007ffd1f3c5000 	C:\WINDOWS\System32\profapi.dll
0x00007ffd11d30000 - 0x00007ffd11d4a000 	C:\Program Files\Android\Android Studio\jre\jre\bin\net.dll
0x00007ffd1ec60000 - 0x00007ffd1ecbc000 	C:\WINDOWS\system32\mswsock.dll
0x00007ffd11c50000 - 0x00007ffd11c61000 	C:\Program Files\Android\Android Studio\jre\jre\bin\nio.dll
0x00007ffd01500000 - 0x00007ffd01512000 	C:\Users\syend\.gradle\native\19\windows-amd64\native-platform.dll
0x00007ffd1ee10000 - 0x00007ffd1ee27000 	C:\WINDOWS\SYSTEM32\CRYPTSP.dll
0x00007ffd1e880000 - 0x00007ffd1e8b4000 	C:\WINDOWS\system32\rsaenh.dll
0x00007ffd1ef70000 - 0x00007ffd1ef95000 	C:\WINDOWS\SYSTEM32\bcrypt.dll
0x00007ffd1f2b0000 - 0x00007ffd1f2d9000 	C:\WINDOWS\SYSTEM32\USERENV.dll
0x00007ffd1ee00000 - 0x00007ffd1ee0b000 	C:\WINDOWS\SYSTEM32\CRYPTBASE.dll
0x00007ffd1ea00000 - 0x00007ffd1ea37000 	C:\WINDOWS\SYSTEM32\IPHLPAPI.DLL
0x00007ffd20b50000 - 0x00007ffd20b58000 	C:\WINDOWS\System32\NSI.dll
0x00007ffd15d80000 - 0x00007ffd15d96000 	C:\WINDOWS\SYSTEM32\dhcpcsvc6.DLL
0x00007ffd15d60000 - 0x00007ffd15d7a000 	C:\WINDOWS\SYSTEM32\dhcpcsvc.DLL
0x00007ffd17580000 - 0x00007ffd1758d000 	C:\Program Files\Android\Android Studio\jre\jre\bin\management.dll

VM Arguments:
jvm_args: -Xmx1536m -Dfile.encoding=windows-1252 -Duser.country=US -Duser.language=en -Duser.variant 
java_command: org.gradle.launcher.daemon.bootstrap.GradleDaemon 2.14.1
java_class_path (initial): C:\Users\syend\.gradle\wrapper\dists\gradle-2.14.1-all\8bnwg5hd3w55iofp58khbp6yv\gradle-2.14.1\lib\gradle-launcher-2.14.1.jar
Launcher Type: SUN_STANDARD

Environment Variables:
PATH=C:\WINDOWS\system32;C:\WINDOWS;C:\WINDOWS\System32\Wbem;C:\WINDOWS\System32\WindowsPowerShell\v1.0\;C:\Program Files\Microsoft SQL Server\130\Tools\Binn\;C:\Program Files (x86)\GtkSharp\2.12\bin;C:\Program Files\dotnet\;C:\Program Files\Git\cmd;C:\Program Files\PuTTY\;C:\Program Files (x86)\Java\jdk1.8.0_112\bin;C:\Users\syend\AppData\Local\Microsoft\WindowsApps;
USERNAME=syend
OS=Windows_NT
PROCESSOR_IDENTIFIER=Intel64 Family 6 Model 78 Stepping 3, GenuineIntel



---------------  S Y S T E M  ---------------

OS: Windows 10.0 , 64 bit Build 15063 (10.0.15063.296)

CPU:total 4 (2 cores per cpu, 2 threads per core) family 6 model 78 stepping 3, cmov, cx8, fxsr, mmx, sse, sse2, sse3, ssse3, sse4.1, sse4.2, popcnt, avx, avx2, aes, clmul, erms, rtm, 3dnowpref, lzcnt, ht, tsc, tscinvbit, bmi1, bmi2, adx

Memory: 4k page, physical 8312940k(1867884k free), swap 10144232k(4452k free)

vm_info: OpenJDK 64-Bit Server VM (25.76-b03) for windows-amd64 JRE (1.8.0_76-release-b03), built on Jun 29 2016 19:09:20 by "ralucas" with MS VC++ 10.0 (VS2010)

time: Mon Jan 01 22:33:25 2018
elapsed time: 81 seconds (0d 0h 1m 21s)

