#
# There is insufficient memory for the Java Runtime Environment to continue.
# Native memory allocation (malloc) failed to allocate 1578992 bytes for Chunk::new
# Possible reasons:
#   The system is out of physical RAM or swap space
#   In 32 bit mode, the process size limit was hit
# Possible solutions:
#   Reduce memory load on the system
#   Increase physical memory or swap space
#   Check if swap backing store is full
#   Use 64 bit Java on a 64 bit OS
#   Decrease Java heap size (-Xmx/-Xms)
#   Decrease number of Java threads
#   Decrease Java thread stack sizes (-Xss)
#   Set larger code cache with -XX:ReservedCodeCacheSize=
# This output file may be truncated or incomplete.
#
#  Out of Memory Error (allocation.cpp:390), pid=15180, tid=0x0000000000002e18
#
# JRE version: OpenJDK Runtime Environment (8.0_76-b03) (build 1.8.0_76-release-b03)
# Java VM: OpenJDK 64-Bit Server VM (25.76-b03 mixed mode windows-amd64 compressed oops)
# Failed to write core dump. Minidumps are not enabled by default on client versions of Windows
#

---------------  T H R E A D  ---------------

Current thread (0x0000000016d7d000):  JavaThread "C2 CompilerThread1" daemon [_thread_in_native, id=11800, stack(0x00000000184c0000,0x00000000185c0000)]

Stack: [0x00000000184c0000,0x00000000185c0000]
[error occurred during error reporting (printing stack bounds), id 0xc0000005]

Native frames: (J=compiled Java code, j=interpreted, Vv=VM code, C=native code)


Current CompileTask:
C2:1066740 15388       4       org.gradle.api.internal.file.collections.DefaultFileCollectionResolveContext$FileTreeConverter::convertFileToFileTree (74 bytes)


---------------  P R O C E S S  ---------------

Java Threads: ( => current thread )
  0x000000001c316000 JavaThread "Stdin handler" [_thread_blocked, id=14988, stack(0x0000000026c40000,0x0000000026d40000)]
  0x000000001c319000 JavaThread "Asynchronous log dispatcher for org.gradle.launcher.daemon.server.DefaultDaemonConnection@215b712e" [_thread_blocked, id=5608, stack(0x0000000026b40000,0x0000000026c40000)]
  0x000000001c31d000 JavaThread "Cancel handler" [_thread_blocked, id=4728, stack(0x0000000026a40000,0x0000000026b40000)]
  0x000000001c315800 JavaThread "Handler for socket connection from /127.0.0.1:55890 to /127.0.0.1:57725" [_thread_in_native, id=15092, stack(0x0000000026940000,0x0000000026a40000)]
  0x000000001c314800 JavaThread "Daemon worker Thread 3" [_thread_in_native, id=6176, stack(0x0000000026640000,0x0000000026740000)]
  0x000000001c31a800 JavaThread "Daemon Thread 3" [_thread_blocked, id=1820, stack(0x0000000026340000,0x0000000026440000)]
  0x000000001a5ae800 JavaThread "pool-7-thread-4" [_thread_blocked, id=17216, stack(0x0000000024640000,0x0000000024740000)]
  0x000000001a5b1800 JavaThread "pool-7-thread-3" [_thread_blocked, id=6828, stack(0x0000000024540000,0x0000000024640000)]
  0x000000001a5b4000 JavaThread "pool-7-thread-2" [_thread_blocked, id=1276, stack(0x0000000024440000,0x0000000024540000)]
  0x000000001a5a7000 JavaThread "pool-7-thread-1" [_thread_blocked, id=5896, stack(0x0000000024340000,0x0000000024440000)]
  0x000000001ba7b800 JavaThread "File lock request listener" [_thread_in_native, id=4128, stack(0x000000001c920000,0x000000001ca20000)]
  0x00000000198a9000 JavaThread "pool-1-thread-1" [_thread_blocked, id=13720, stack(0x000000001ac50000,0x000000001ad50000)]
  0x000000001a232800 JavaThread "Incoming local TCP Connector on port 55890" [_thread_in_native, id=15892, stack(0x00000000194c0000,0x00000000195c0000)]
  0x00000000186e8800 JavaThread "Service Thread" daemon [_thread_blocked, id=5520, stack(0x0000000018ac0000,0x0000000018bc0000)]
  0x0000000016d80800 JavaThread "C1 CompilerThread2" daemon [_thread_blocked, id=4408, stack(0x00000000185c0000,0x00000000186c0000)]
=>0x0000000016d7d000 JavaThread "C2 CompilerThread1" daemon [_thread_in_native, id=11800, stack(0x00000000184c0000,0x00000000185c0000)]
  0x0000000016d7a000 JavaThread "C2 CompilerThread0" daemon [_thread_in_native, id=14796, stack(0x00000000183c0000,0x00000000184c0000)]
  0x0000000016d78800 JavaThread "Attach Listener" daemon [_thread_blocked, id=13348, stack(0x00000000182c0000,0x00000000183c0000)]
  0x0000000016d77800 JavaThread "Signal Dispatcher" daemon [_thread_blocked, id=11608, stack(0x00000000181c0000,0x00000000182c0000)]
  0x000000000340b000 JavaThread "Finalizer" daemon [_thread_blocked, id=13352, stack(0x0000000017fd0000,0x00000000180d0000)]
  0x0000000003400000 JavaThread "Reference Handler" daemon [_thread_blocked, id=1640, stack(0x0000000017ed0000,0x0000000017fd0000)]
  0x0000000003310800 JavaThread "main" [_thread_blocked, id=13396, stack(0x0000000003160000,0x0000000003260000)]

Other Threads:
  0x0000000016d45000 VMThread [stack: 0x0000000017dd0000,0x0000000017ed0000] [id=3096]
  0x0000000016ddd800 WatcherThread [stack: 0x0000000018bc0000,0x0000000018cc0000] [id=12116]

VM state:not at safepoint (normal execution)

VM Mutex/Monitor currently owned by a thread: None

Heap:
 PSYoungGen      total 220672K, used 142625K [0x00000000e0000000, 0x00000000f0380000, 0x0000000100000000)
  eden space 198144K, 67% used [0x00000000e0000000,0x00000000e837f030,0x00000000ec180000)
  from space 22528K, 35% used [0x00000000ecc00000,0x00000000ed3c9530,0x00000000ee200000)
  to   space 33792K, 0% used [0x00000000ee280000,0x00000000ee280000,0x00000000f0380000)
 ParOldGen       total 91136K, used 59275K [0x00000000a0000000, 0x00000000a5900000, 0x00000000e0000000)
  object space 91136K, 65% used [0x00000000a0000000,0x00000000a39e2fd8,0x00000000a5900000)
 Metaspace       used 71952K, capacity 75220K, committed 75520K, reserved 1114112K
  class space    used 9401K, capacity 10183K, committed 10240K, reserved 1048576K

Card table byte_map: [0x00000000127d0000,0x0000000012ae0000] byte_map_base: 0x00000000122d0000

Marking Bits: (ParMarkBitMap*) 0x0000000062749d00
 Begin Bits: [0x00000000130e0000, 0x00000000148e0000)
 End Bits:   [0x00000000148e0000, 0x00000000160e0000)

Polling page: 0x00000000018e0000

CodeCache: size=245760Kb used=44669Kb max_used=44746Kb free=201090Kb
 bounds [0x0000000003410000, 0x0000000006000000, 0x0000000012410000]
 total_blobs=13068 nmethods=12315 adapters=665
 compilation: enabled

Compilation events (10 events):
Event: 1065.649 Thread 0x0000000016d7d000 nmethod 15386 0x0000000005fd3950 code [0x0000000005fd3b40, 0x0000000005fd44a8]
Event: 1065.649 Thread 0x0000000016d7d000 15385       4       com.google.common.cache.LongAdder::add (108 bytes)
Event: 1065.651 Thread 0x0000000016d7d000 nmethod 15385 0x0000000005fcfb50 code [0x0000000005fcfc80, 0x0000000005fcfd38]
Event: 1065.728 Thread 0x0000000016d7d000 15388       4       org.gradle.api.internal.file.collections.DefaultFileCollectionResolveContext$FileTreeConverter::convertFileToFileTree (74 bytes)
Event: 1065.883 Thread 0x0000000016d7a000 nmethod 15381 0x0000000005feae90 code [0x0000000005feb560, 0x0000000005ff07b0]
Event: 1065.884 Thread 0x0000000016d7a000 15389       4       org.gradle.api.internal.file.AbstractFileResolver::validate (184 bytes)
Event: 1065.886 Thread 0x0000000016d7a000 nmethod 15389 0x0000000005fcf5d0 code [0x0000000005fcf740, 0x0000000005fcf8d8]
Event: 1065.931 Thread 0x0000000016d80800 15390       3       org.gradle.internal.typeconversion.NotationConverterToNotationParserAdapter$ResultImpl::<init> (5 bytes)
Event: 1065.932 Thread 0x0000000016d80800 nmethod 15390 0x00000000036a2650 code [0x00000000036a27c0, 0x00000000036a29d0]
Event: 1065.938 Thread 0x0000000016d7a000 15391   !   4       org.gradle.internal.service.DefaultServiceRegistry::doGet (102 bytes)

GC Heap History (10 events):
Event: 930.963 GC heap before
{Heap before GC invocations=22 (full 3):
 PSYoungGen      total 187392K, used 186984K [0x00000000e0000000, 0x00000000ef800000, 0x0000000100000000)
  eden space 171520K, 100% used [0x00000000e0000000,0x00000000ea780000,0x00000000ea780000)
  from space 15872K, 97% used [0x00000000ee880000,0x00000000ef79a170,0x00000000ef800000)
  to   space 22528K, 0% used [0x00000000ecc00000,0x00000000ecc00000,0x00000000ee200000)
 ParOldGen       total 91136K, used 42216K [0x00000000a0000000, 0x00000000a5900000, 0x00000000e0000000)
  object space 91136K, 46% used [0x00000000a0000000,0x00000000a293a238,0x00000000a5900000)
 Metaspace       used 68457K, capacity 71080K, committed 71296K, reserved 1112064K
  class space    used 8938K, capacity 9537K, committed 9600K, reserved 1048576K
Event: 931.014 GC heap after
Heap after GC invocations=22 (full 3):
 PSYoungGen      total 220672K, used 22518K [0x00000000e0000000, 0x00000000f0380000, 0x0000000100000000)
  eden space 198144K, 0% used [0x00000000e0000000,0x00000000e0000000,0x00000000ec180000)
  from space 22528K, 99% used [0x00000000ecc00000,0x00000000ee1fd948,0x00000000ee200000)
  to   space 33792K, 0% used [0x00000000ee280000,0x00000000ee280000,0x00000000f0380000)
 ParOldGen       total 91136K, used 64206K [0x00000000a0000000, 0x00000000a5900000, 0x00000000e0000000)
  object space 91136K, 70% used [0x00000000a0000000,0x00000000a3eb3930,0x00000000a5900000)
 Metaspace       used 68457K, capacity 71080K, committed 71296K, reserved 1112064K
  class space    used 8938K, capacity 9537K, committed 9600K, reserved 1048576K
}
Event: 932.455 GC heap before
{Heap before GC invocations=23 (full 3):
 PSYoungGen      total 220672K, used 220662K [0x00000000e0000000, 0x00000000f0380000, 0x0000000100000000)
  eden space 198144K, 100% used [0x00000000e0000000,0x00000000ec180000,0x00000000ec180000)
  from space 22528K, 99% used [0x00000000ecc00000,0x00000000ee1fd948,0x00000000ee200000)
  to   space 33792K, 0% used [0x00000000ee280000,0x00000000ee280000,0x00000000f0380000)
 ParOldGen       total 91136K, used 64206K [0x00000000a0000000, 0x00000000a5900000, 0x00000000e0000000)
  object space 91136K, 70% used [0x00000000a0000000,0x00000000a3eb3930,0x00000000a5900000)
 Metaspace       used 68838K, capacity 71498K, committed 71808K, reserved 1112064K
  class space    used 8960K, capacity 9570K, committed 9600K, reserved 1048576K
Event: 932.531 GC heap after
Heap after GC invocations=23 (full 3):
 PSYoungGen      total 231936K, used 33790K [0x00000000e0000000, 0x00000000f0380000, 0x0000000100000000)
  eden space 198144K, 0% used [0x00000000e0000000,0x00000000e0000000,0x00000000ec180000)
  from space 33792K, 99% used [0x00000000ee280000,0x00000000f037f8e0,0x00000000f0380000)
  to   space 22528K, 0% used [0x00000000ecc00000,0x00000000ecc00000,0x00000000ee200000)
 ParOldGen       total 91136K, used 83466K [0x00000000a0000000, 0x00000000a5900000, 0x00000000e0000000)
  object space 91136K, 91% used [0x00000000a0000000,0x00000000a5182880,0x00000000a5900000)
 Metaspace       used 68838K, capacity 71498K, committed 71808K, reserved 1112064K
  class space    used 8960K, capacity 9570K, committed 9600K, reserved 1048576K
}
Event: 932.531 GC heap before
{Heap before GC invocations=24 (full 4):
 PSYoungGen      total 231936K, used 33790K [0x00000000e0000000, 0x00000000f0380000, 0x0000000100000000)
  eden space 198144K, 0% used [0x00000000e0000000,0x00000000e0000000,0x00000000ec180000)
  from space 33792K, 99% used [0x00000000ee280000,0x00000000f037f8e0,0x00000000f0380000)
  to   space 22528K, 0% used [0x00000000ecc00000,0x00000000ecc00000,0x00000000ee200000)
 ParOldGen       total 91136K, used 83466K [0x00000000a0000000, 0x00000000a5900000, 0x00000000e0000000)
  object space 91136K, 91% used [0x00000000a0000000,0x00000000a5182880,0x00000000a5900000)
 Metaspace       used 68838K, capacity 71498K, committed 71808K, reserved 1112064K
  class space    used 8960K, capacity 9570K, committed 9600K, reserved 1048576K
Event: 933.214 GC heap after
Heap after GC invocations=24 (full 4):
 PSYoungGen      total 231936K, used 3565K [0x00000000e0000000, 0x00000000f0380000, 0x0000000100000000)
  eden space 198144K, 0% used [0x00000000e0000000,0x00000000e0000000,0x00000000ec180000)
  from space 33792K, 10% used [0x00000000ee280000,0x00000000ee5fb5c0,0x00000000f0380000)
  to   space 22528K, 0% used [0x00000000ecc00000,0x00000000ecc00000,0x00000000ee200000)
 ParOldGen       total 91136K, used 90936K [0x00000000a0000000, 0x00000000a5900000, 0x00000000e0000000)
  object space 91136K, 99% used [0x00000000a0000000,0x00000000a58ce3a0,0x00000000a5900000)
 Metaspace       used 68834K, capacity 71486K, committed 71808K, reserved 1112064K
  class space    used 8959K, capacity 9568K, committed 9600K, reserved 1048576K
}
Event: 935.459 GC heap before
{Heap before GC invocations=25 (full 5):
 PSYoungGen      total 231936K, used 200436K [0x00000000e0000000, 0x00000000f0380000, 0x0000000100000000)
  eden space 198144K, 99% used [0x00000000e0000000,0x00000000ec041c48,0x00000000ec180000)
  from space 33792K, 10% used [0x00000000ee280000,0x00000000ee5fb5c0,0x00000000f0380000)
  to   space 22528K, 0% used [0x00000000ecc00000,0x00000000ecc00000,0x00000000ee200000)
 ParOldGen       total 91136K, used 90936K [0x00000000a0000000, 0x00000000a5900000, 0x00000000e0000000)
  object space 91136K, 99% used [0x00000000a0000000,0x00000000a58ce3a0,0x00000000a5900000)
 Metaspace       used 70188K, capacity 72940K, committed 73088K, reserved 1112064K
  class space    used 9139K, capacity 9809K, committed 9856K, reserved 1048576K
Event: 935.731 GC heap after
Heap after GC invocations=25 (full 5):
 PSYoungGen      total 231936K, used 0K [0x00000000e0000000, 0x00000000f0380000, 0x0000000100000000)
  eden space 198144K, 0% used [0x00000000e0000000,0x00000000e0000000,0x00000000ec180000)
  from space 33792K, 0% used [0x00000000ee280000,0x00000000ee280000,0x00000000f0380000)
  to   space 22528K, 0% used [0x00000000ecc00000,0x00000000ecc00000,0x00000000ee200000)
 ParOldGen       total 91136K, used 59267K [0x00000000a0000000, 0x00000000a5900000, 0x00000000e0000000)
  object space 91136K, 65% used [0x00000000a0000000,0x00000000a39e0fd8,0x00000000a5900000)
 Metaspace       used 70188K, capacity 72940K, committed 73088K, reserved 1112064K
  class space    used 9139K, capacity 9809K, committed 9856K, reserved 1048576K
}
Event: 1060.545 GC heap before
{Heap before GC invocations=26 (full 5):
 PSYoungGen      total 231936K, used 198144K [0x00000000e0000000, 0x00000000f0380000, 0x0000000100000000)
  eden space 198144K, 100% used [0x00000000e0000000,0x00000000ec180000,0x00000000ec180000)
  from space 33792K, 0% used [0x00000000ee280000,0x00000000ee280000,0x00000000f0380000)
  to   space 22528K, 0% used [0x00000000ecc00000,0x00000000ecc00000,0x00000000ee200000)
 ParOldGen       total 91136K, used 59267K [0x00000000a0000000, 0x00000000a5900000, 0x00000000e0000000)
  object space 91136K, 65% used [0x00000000a0000000,0x00000000a39e0fd8,0x00000000a5900000)
 Metaspace       used 71760K, capacity 75036K, committed 75264K, reserved 1114112K
  class space    used 9390K, capacity 10163K, committed 10240K, reserved 1048576K
Event: 1060.573 GC heap after
Heap after GC invocations=26 (full 5):
 PSYoungGen      total 220672K, used 7973K [0x00000000e0000000, 0x00000000f0380000, 0x0000000100000000)
  eden space 198144K, 0% used [0x00000000e0000000,0x00000000e0000000,0x00000000ec180000)
  from space 22528K, 35% used [0x00000000ecc00000,0x00000000ed3c9530,0x00000000ee200000)
  to   space 33792K, 0% used [0x00000000ee280000,0x00000000ee280000,0x00000000f0380000)
 ParOldGen       total 91136K, used 59275K [0x00000000a0000000, 0x00000000a5900000, 0x00000000e0000000)
  object space 91136K, 65% used [0x00000000a0000000,0x00000000a39e2fd8,0x00000000a5900000)
 Metaspace       used 71760K, capacity 75036K, committed 75264K, reserved 1114112K
  class space    used 9390K, capacity 10163K, committed 10240K, reserved 1048576K
}

Deoptimization events (10 events):
Event: 1042.353 Thread 0x000000001c314800 Uncommon trap: reason=predicate action=maybe_recompile pc=0x0000000005614ae0 method=org.gradle.internal.serialize.AbstractCollectionSerializer.readValues(Lorg/gradle/internal/serialize/Decoder;Ljava/util/Collection;)V @ 16
Event: 1043.471 Thread 0x000000001c314800 Uncommon trap: reason=class_check action=maybe_recompile pc=0x00000000044f3ca4 method=sun.misc.URLClassPath$1.next()Z @ 46
Event: 1043.949 Thread 0x000000001c314800 Uncommon trap: reason=unstable_if action=reinterpret pc=0x0000000005c3aa14 method=com.google.common.cache.LocalCache$Segment.recordRead(Lcom/google/common/cache/LocalCache$ReferenceEntry;J)V @ 7
Event: 1043.963 Thread 0x000000001c314800 Uncommon trap: reason=unstable_if action=reinterpret pc=0x000000000519b870 method=com.google.common.cache.LocalCache$Segment.recordRead(Lcom/google/common/cache/LocalCache$ReferenceEntry;J)V @ 7
Event: 1048.681 Thread 0x000000001c314800 Uncommon trap: reason=bimorphic action=maybe_recompile pc=0x00000000058a1fd4 method=com.google.common.cache.LocalCache$Segment.get(Ljava/lang/Object;I)Ljava/lang/Object; @ 44
Event: 1048.684 Thread 0x000000001c314800 Uncommon trap: reason=bimorphic action=maybe_recompile pc=0x00000000058a1fd4 method=com.google.common.cache.LocalCache$Segment.get(Ljava/lang/Object;I)Ljava/lang/Object; @ 44
Event: 1048.770 Thread 0x000000001c314800 Uncommon trap: reason=bimorphic action=maybe_recompile pc=0x00000000058a1fd4 method=com.google.common.cache.LocalCache$Segment.get(Ljava/lang/Object;I)Ljava/lang/Object; @ 44
Event: 1048.771 Thread 0x000000001c314800 Uncommon trap: reason=bimorphic action=maybe_recompile pc=0x00000000058a1fd4 method=com.google.common.cache.LocalCache$Segment.get(Ljava/lang/Object;I)Ljava/lang/Object; @ 44
Event: 1061.497 Thread 0x000000001c314800 Uncommon trap: reason=class_check action=maybe_recompile pc=0x0000000004ecb140 method=com.google.common.collect.AbstractMapBasedMultimap.iteratorOrListIterator(Ljava/util/Collection;)Ljava/util/Iterator; @ 1
Event: 1061.497 Thread 0x000000001c314800 Uncommon trap: reason=class_check action=maybe_recompile pc=0x0000000004e99120 method=com.google.common.collect.AbstractMapBasedMultimap$WrappedCollection.size()I @ 8

Internal exceptions (10 events):
Event: 1061.455 Thread 0x000000001c314800 Exception <a 'sun/nio/fs/WindowsException'> (0x00000000e32e4980) thrown at [C:\src\android\AOSP-openjdk\external\jetbrains\jdk\hotspot\src\share\vm\prims\jni.cpp, line 709]
Event: 1061.455 Thread 0x000000001c314800 Exception <a 'sun/nio/fs/WindowsException'> (0x00000000e32e56a8) thrown at [C:\src\android\AOSP-openjdk\external\jetbrains\jdk\hotspot\src\share\vm\prims\jni.cpp, line 709]
Event: 1061.456 Thread 0x000000001c314800 Exception <a 'sun/nio/fs/WindowsException'> (0x00000000e32e8778) thrown at [C:\src\android\AOSP-openjdk\external\jetbrains\jdk\hotspot\src\share\vm\prims\jni.cpp, line 709]
Event: 1061.456 Thread 0x000000001c314800 Exception <a 'sun/nio/fs/WindowsException'> (0x00000000e32e9358) thrown at [C:\src\android\AOSP-openjdk\external\jetbrains\jdk\hotspot\src\share\vm\prims\jni.cpp, line 709]
Event: 1061.456 Thread 0x000000001c314800 Exception <a 'sun/nio/fs/WindowsException'> (0x00000000e32eaf58) thrown at [C:\src\android\AOSP-openjdk\external\jetbrains\jdk\hotspot\src\share\vm\prims\jni.cpp, line 709]
Event: 1061.456 Thread 0x000000001c314800 Exception <a 'sun/nio/fs/WindowsException'> (0x00000000e32ebb78) thrown at [C:\src\android\AOSP-openjdk\external\jetbrains\jdk\hotspot\src\share\vm\prims\jni.cpp, line 709]
Event: 1061.457 Thread 0x000000001c314800 Exception <a 'sun/nio/fs/WindowsException'> (0x00000000e32ee6d0) thrown at [C:\src\android\AOSP-openjdk\external\jetbrains\jdk\hotspot\src\share\vm\prims\jni.cpp, line 709]
Event: 1061.457 Thread 0x000000001c314800 Exception <a 'sun/nio/fs/WindowsException'> (0x00000000e32ef328) thrown at [C:\src\android\AOSP-openjdk\external\jetbrains\jdk\hotspot\src\share\vm\prims\jni.cpp, line 709]
Event: 1061.457 Thread 0x000000001c314800 Exception <a 'sun/nio/fs/WindowsException'> (0x00000000e32f0fa0) thrown at [C:\src\android\AOSP-openjdk\external\jetbrains\jdk\hotspot\src\share\vm\prims\jni.cpp, line 709]
Event: 1061.457 Thread 0x000000001c314800 Exception <a 'sun/nio/fs/WindowsException'> (0x00000000e32f1c38) thrown at [C:\src\android\AOSP-openjdk\external\jetbrains\jdk\hotspot\src\share\vm\prims\jni.cpp, line 709]

Events (10 events):
Event: 1061.433 Executing VM operation: BulkRevokeBias done
Event: 1061.497 Thread 0x000000001c314800 Uncommon trap: trap_request=0xffffffde fr.pc=0x0000000004ecb140
Event: 1061.497 Thread 0x000000001c314800 DEOPT PACKING pc=0x0000000004ecb140 sp=0x000000002673ce50
Event: 1061.497 Thread 0x000000001c314800 DEOPT UNPACKING pc=0x000000000345556a sp=0x000000002673cce0 mode 2
Event: 1061.497 Thread 0x000000001c314800 Uncommon trap: trap_request=0xffffffde fr.pc=0x0000000004e99120
Event: 1061.497 Thread 0x000000001c314800 DEOPT PACKING pc=0x0000000004e99120 sp=0x000000002673ce50
Event: 1061.497 Thread 0x000000001c314800 DEOPT UNPACKING pc=0x000000000345556a sp=0x000000002673ce10 mode 2
Event: 1065.886 Thread 0x0000000016d7a000 flushing nmethod 0x00000000036434d0
Event: 1065.887 Thread 0x0000000016d7a000 flushing nmethod 0x00000000036a21d0
Event: 1065.933 Thread 0x0000000016d80800 flushing nmethod 0x0000000003850990


Dynamic libraries:
0x00007ff6f81e0000 - 0x00007ff6f8211000 	C:\Program Files\Android\Android Studio\jre\bin\java.exe
0x00007ffc64390000 - 0x00007ffc6456b000 	C:\WINDOWS\SYSTEM32\ntdll.dll
0x00007ffc64100000 - 0x00007ffc641ae000 	C:\WINDOWS\System32\KERNEL32.DLL
0x00007ffc60fa0000 - 0x00007ffc611e9000 	C:\WINDOWS\System32\KERNELBASE.dll
0x00007ffc63900000 - 0x00007ffc639a1000 	C:\WINDOWS\System32\ADVAPI32.dll
0x00007ffc64230000 - 0x00007ffc642cd000 	C:\WINDOWS\System32\msvcrt.dll
0x00007ffc63890000 - 0x00007ffc638e9000 	C:\WINDOWS\System32\sechost.dll
0x00007ffc63bd0000 - 0x00007ffc63cf5000 	C:\WINDOWS\System32\RPCRT4.dll
0x00007ffc63e40000 - 0x00007ffc63f8a000 	C:\WINDOWS\System32\USER32.dll
0x00007ffc60f20000 - 0x00007ffc60f3e000 	C:\WINDOWS\System32\win32u.dll
0x00007ffc63d00000 - 0x00007ffc63d27000 	C:\WINDOWS\System32\GDI32.dll
0x00007ffc609b0000 - 0x00007ffc60b37000 	C:\WINDOWS\System32\gdi32full.dll
0x00007ffc60bb0000 - 0x00007ffc60c4a000 	C:\WINDOWS\System32\msvcp_win.dll
0x00007ffc60e20000 - 0x00007ffc60f16000 	C:\WINDOWS\System32\ucrtbase.dll
0x00007ffc53a20000 - 0x00007ffc53c87000 	C:\WINDOWS\WinSxS\amd64_microsoft.windows.common-controls_6595b64144ccf1df_6.0.15063.483_none_26002d27e7c744a2\COMCTL32.dll
0x00007ffc62070000 - 0x00007ffc62369000 	C:\WINDOWS\System32\combase.dll
0x00007ffc60b40000 - 0x00007ffc60baa000 	C:\WINDOWS\System32\bcryptPrimitives.dll
0x00007ffc63ba0000 - 0x00007ffc63bcd000 	C:\WINDOWS\System32\IMM32.DLL
0x0000000062f40000 - 0x0000000063012000 	C:\Program Files\Android\Android Studio\jre\jre\bin\msvcr100.dll
0x0000000061f90000 - 0x00000000627c4000 	C:\Program Files\Android\Android Studio\jre\jre\bin\server\jvm.dll
0x00007ffc61ec0000 - 0x00007ffc61ec8000 	C:\WINDOWS\System32\PSAPI.DLL
0x00007ffc58e40000 - 0x00007ffc58e63000 	C:\WINDOWS\SYSTEM32\WINMM.dll
0x00007ffc53540000 - 0x00007ffc53549000 	C:\WINDOWS\SYSTEM32\WSOCK32.dll
0x00007ffc4f580000 - 0x00007ffc4f58a000 	C:\WINDOWS\SYSTEM32\VERSION.dll
0x00007ffc641c0000 - 0x00007ffc6422c000 	C:\WINDOWS\System32\WS2_32.dll
0x00007ffc58de0000 - 0x00007ffc58e0b000 	C:\WINDOWS\SYSTEM32\WINMMBASE.dll
0x00007ffc608b0000 - 0x00007ffc608f9000 	C:\WINDOWS\System32\cfgmgr32.dll
0x00007ffc506d0000 - 0x00007ffc506df000 	C:\Program Files\Android\Android Studio\jre\jre\bin\verify.dll
0x00007ffc38d90000 - 0x00007ffc38db9000 	C:\Program Files\Android\Android Studio\jre\jre\bin\java.dll
0x00007ffc37c40000 - 0x00007ffc37c56000 	C:\Program Files\Android\Android Studio\jre\jre\bin\zip.dll
0x00007ffc62370000 - 0x00007ffc637a7000 	C:\WINDOWS\System32\SHELL32.dll
0x00007ffc63d30000 - 0x00007ffc63dda000 	C:\WINDOWS\System32\shcore.dll
0x00007ffc611f0000 - 0x00007ffc618e1000 	C:\WINDOWS\System32\windows.storage.dll
0x00007ffc63de0000 - 0x00007ffc63e31000 	C:\WINDOWS\System32\shlwapi.dll
0x00007ffc60820000 - 0x00007ffc60831000 	C:\WINDOWS\System32\kernel.appcore.dll
0x00007ffc60860000 - 0x00007ffc608ac000 	C:\WINDOWS\System32\powrprof.dll
0x00007ffc60840000 - 0x00007ffc60855000 	C:\WINDOWS\System32\profapi.dll
0x00007ffc37a50000 - 0x00007ffc37a6a000 	C:\Program Files\Android\Android Studio\jre\jre\bin\net.dll
0x00007ffc600b0000 - 0x00007ffc6010c000 	C:\WINDOWS\system32\mswsock.dll
0x00007ffc372e0000 - 0x00007ffc372f1000 	C:\Program Files\Android\Android Studio\jre\jre\bin\nio.dll
0x00007ffc329c0000 - 0x00007ffc329d2000 	C:\Users\syend\.gradle\native\19\windows-amd64\native-platform.dll
0x00007ffc60250000 - 0x00007ffc60267000 	C:\WINDOWS\SYSTEM32\CRYPTSP.dll
0x00007ffc5fcd0000 - 0x00007ffc5fd04000 	C:\WINDOWS\system32\rsaenh.dll
0x00007ffc603c0000 - 0x00007ffc603e5000 	C:\WINDOWS\SYSTEM32\bcrypt.dll
0x00007ffc60730000 - 0x00007ffc60759000 	C:\WINDOWS\SYSTEM32\USERENV.dll
0x00007ffc60270000 - 0x00007ffc6027b000 	C:\WINDOWS\SYSTEM32\CRYPTBASE.dll
0x00007ffc5fe50000 - 0x00007ffc5fe87000 	C:\WINDOWS\SYSTEM32\IPHLPAPI.DLL
0x00007ffc641b0000 - 0x00007ffc641b8000 	C:\WINDOWS\System32\NSI.dll
0x00007ffc59cf0000 - 0x00007ffc59d06000 	C:\WINDOWS\SYSTEM32\dhcpcsvc6.DLL
0x00007ffc59cd0000 - 0x00007ffc59cea000 	C:\WINDOWS\SYSTEM32\dhcpcsvc.DLL
0x00007ffc4ff90000 - 0x00007ffc4ff9d000 	C:\Program Files\Android\Android Studio\jre\jre\bin\management.dll
0x00007ffc2fe50000 - 0x00007ffc2fe74000 	C:\Program Files\Android\Android Studio\jre\jre\bin\sunec.dll
0x00007ffc433d0000 - 0x00007ffc433db000 	C:\Program Files\Android\Android Studio\jre\jre\bin\sunmscapi.dll
0x00007ffc60c50000 - 0x00007ffc60e19000 	C:\WINDOWS\System32\CRYPT32.dll
0x00007ffc60800000 - 0x00007ffc60811000 	C:\WINDOWS\System32\MSASN1.dll

VM Arguments:
jvm_args: -Xmx1536m -Dfile.encoding=windows-1252 -Duser.country=US -Duser.language=en -Duser.variant 
java_command: org.gradle.launcher.daemon.bootstrap.GradleDaemon 2.14.1
java_class_path (initial): C:\Users\syend\.gradle\wrapper\dists\gradle-2.14.1-all\8bnwg5hd3w55iofp58khbp6yv\gradle-2.14.1\lib\gradle-launcher-2.14.1.jar
Launcher Type: SUN_STANDARD

Environment Variables:
PATH=C:\WINDOWS\system32;C:\WINDOWS;C:\WINDOWS\System32\Wbem;C:\WINDOWS\System32\WindowsPowerShell\v1.0\;C:\Program Files\Microsoft SQL Server\130\Tools\Binn\;C:\Program Files (x86)\GtkSharp\2.12\bin;C:\Program Files\dotnet\;C:\Program Files\Git\cmd;C:\Program Files\PuTTY\;C:\Program Files (x86)\Java\jdk1.8.0_112\bin;C:\Users\syend\AppData\Local\Microsoft\WindowsApps;
USERNAME=syend
OS=Windows_NT
PROCESSOR_IDENTIFIER=Intel64 Family 6 Model 78 Stepping 3, GenuineIntel



---------------  S Y S T E M  ---------------

OS: Windows 10.0 , 64 bit Build 15063 (10.0.15063.296)

CPU:total 4 (2 cores per cpu, 2 threads per core) family 6 model 78 stepping 3, cmov, cx8, fxsr, mmx, sse, sse2, sse3, ssse3, sse4.1, sse4.2, popcnt, avx, avx2, aes, clmul, erms, rtm, 3dnowpref, lzcnt, ht, tsc, tscinvbit, bmi1, bmi2, adx

Memory: 4k page, physical 8312940k(1819476k free), swap 10805372k(5768k free)

vm_info: OpenJDK 64-Bit Server VM (25.76-b03) for windows-amd64 JRE (1.8.0_76-release-b03), built on Jun 29 2016 19:09:20 by "ralucas" with MS VC++ 10.0 (VS2010)

time: Thu Dec 14 09:35:47 2017
elapsed time: 1066 seconds (0d 0h 17m 46s)

