#
# There is insufficient memory for the Java Runtime Environment to continue.
# Native memory allocation (malloc) failed to allocate 229296 bytes for Chunk::new
# Possible reasons:
#   The system is out of physical RAM or swap space
#   In 32 bit mode, the process size limit was hit
# Possible solutions:
#   Reduce memory load on the system
#   Increase physical memory or swap space
#   Check if swap backing store is full
#   Use 64 bit Java on a 64 bit OS
#   Decrease Java heap size (-Xmx/-Xms)
#   Decrease number of Java threads
#   Decrease Java thread stack sizes (-Xss)
#   Set larger code cache with -XX:ReservedCodeCacheSize=
# This output file may be truncated or incomplete.
#
#  Out of Memory Error (allocation.cpp:390), pid=12612, tid=0x0000000000002b58
#
# JRE version: OpenJDK Runtime Environment (8.0_76-b03) (build 1.8.0_76-release-b03)
# Java VM: OpenJDK 64-Bit Server VM (25.76-b03 mixed mode windows-amd64 compressed oops)
# Failed to write core dump. Minidumps are not enabled by default on client versions of Windows
#

---------------  T H R E A D  ---------------

Current thread (0x0000000016c1b000):  JavaThread "C2 CompilerThread0" daemon [_thread_in_native, id=11096, stack(0x0000000018290000,0x0000000018390000)]

Stack: [0x0000000018290000,0x0000000018390000]
[error occurred during error reporting (printing stack bounds), id 0xc0000005]

Native frames: (J=compiled Java code, j=interpreted, Vv=VM code, C=native code)


Current CompileTask:
C2:  12803 2903       4       org.apache.xerces.impl.XMLEntityScanner::scanData (1105 bytes)


---------------  P R O C E S S  ---------------

Java Threads: ( => current thread )
  0x000000001989d800 JavaThread "File lock request listener" [_thread_in_native, id=8056, stack(0x000000001c820000,0x000000001c920000)]
  0x000000001987a000 JavaThread "Stdin handler" [_thread_blocked, id=17856, stack(0x000000001b350000,0x000000001b450000)]
  0x0000000019496000 JavaThread "Asynchronous log dispatcher for org.gradle.launcher.daemon.server.DefaultDaemonConnection@2e9d47aa" [_thread_blocked, id=5240, stack(0x000000001b050000,0x000000001b150000)]
  0x0000000019909800 JavaThread "Daemon worker" [_thread_in_native, id=15840, stack(0x000000001af50000,0x000000001b050000)]
  0x0000000019492800 JavaThread "Cancel handler" [_thread_blocked, id=5748, stack(0x000000001ae50000,0x000000001af50000)]
  0x000000001a0d2800 JavaThread "Handler for socket connection from /127.0.0.1:51253 to /127.0.0.1:51254" [_thread_in_native, id=9820, stack(0x000000001ad50000,0x000000001ae50000)]
  0x000000001a099000 JavaThread "Daemon" [_thread_blocked, id=13384, stack(0x000000001ac50000,0x000000001ad50000)]
  0x0000000019f2e000 JavaThread "pool-1-thread-1" [_thread_blocked, id=5932, stack(0x000000001ab50000,0x000000001ac50000)]
  0x0000000019f28000 JavaThread "Incoming local TCP Connector on port 51253" [_thread_in_native, id=12688, stack(0x000000001a720000,0x000000001a820000)]
  0x00000000185a8800 JavaThread "Service Thread" daemon [_thread_blocked, id=8676, stack(0x0000000018990000,0x0000000018a90000)]
  0x0000000016c21800 JavaThread "C1 CompilerThread2" daemon [_thread_blocked, id=19304, stack(0x0000000018490000,0x0000000018590000)]
  0x0000000016c1e000 JavaThread "C2 CompilerThread1" daemon [_thread_in_native, id=11028, stack(0x0000000018390000,0x0000000018490000)]
=>0x0000000016c1b000 JavaThread "C2 CompilerThread0" daemon [_thread_in_native, id=11096, stack(0x0000000018290000,0x0000000018390000)]
  0x0000000016c1a000 JavaThread "Attach Listener" daemon [_thread_blocked, id=11172, stack(0x0000000018190000,0x0000000018290000)]
  0x0000000016c19000 JavaThread "Signal Dispatcher" daemon [_thread_blocked, id=5152, stack(0x0000000018090000,0x0000000018190000)]
  0x0000000016c08800 JavaThread "Finalizer" daemon [_thread_blocked, id=15168, stack(0x0000000017ea0000,0x0000000017fa0000)]
  0x0000000003281800 JavaThread "Reference Handler" daemon [_thread_blocked, id=19128, stack(0x0000000017da0000,0x0000000017ea0000)]
  0x0000000003190800 JavaThread "main" [_thread_blocked, id=11004, stack(0x0000000003090000,0x0000000003190000)]

Other Threads:
  0x0000000016be5000 VMThread [stack: 0x0000000017ca0000,0x0000000017da0000] [id=15696]
  0x0000000016c7c800 WatcherThread [stack: 0x0000000018a90000,0x0000000018b90000] [id=9648]

VM state:not at safepoint (normal execution)

VM Mutex/Monitor currently owned by a thread: None

Heap:
 PSYoungGen      total 57856K, used 19854K [0x00000000e0000000, 0x00000000e5580000, 0x0000000100000000)
  eden space 47104K, 29% used [0x00000000e0000000,0x00000000e0dc3030,0x00000000e2e00000)
  from space 10752K, 53% used [0x00000000e2e00000,0x00000000e33a0a48,0x00000000e3880000)
  to   space 10240K, 0% used [0x00000000e4b80000,0x00000000e4b80000,0x00000000e5580000)
 ParOldGen       total 69120K, used 9370K [0x00000000a0000000, 0x00000000a4380000, 0x00000000e0000000)
  object space 69120K, 13% used [0x00000000a0000000,0x00000000a0926960,0x00000000a4380000)
 Metaspace       used 28688K, capacity 29306K, committed 29488K, reserved 1075200K
  class space    used 3915K, capacity 4105K, committed 4144K, reserved 1048576K

Card table byte_map: [0x0000000012650000,0x0000000012960000] byte_map_base: 0x0000000012150000

Marking Bits: (ParMarkBitMap*) 0x0000000057da9d00
 Begin Bits: [0x0000000012f60000, 0x0000000014760000)
 End Bits:   [0x0000000014760000, 0x0000000015f60000)

Polling page: 0x0000000003010000

CodeCache: size=245760Kb used=10718Kb max_used=10718Kb free=235041Kb
 bounds [0x0000000003290000, 0x0000000003d20000, 0x0000000012290000]
 total_blobs=3392 nmethods=2739 adapters=563
 compilation: enabled

Compilation events (10 events):
Event: 12.776 Thread 0x0000000016c21800 nmethod 2899 0x0000000003d0f210 code [0x0000000003d0f3a0, 0x0000000003d0f750]
Event: 12.776 Thread 0x0000000016c21800 2900       1       org.gradle.internal.component.external.model.DefaultModuleComponentArtifactIdentifier::getComponentIdentifier (5 bytes)
Event: 12.776 Thread 0x0000000016c21800 nmethod 2900 0x0000000003d0ef50 code [0x0000000003d0f0a0, 0x0000000003d0f1b0]
Event: 12.776 Thread 0x0000000016c21800 2901       1       org.gradle.api.internal.artifacts.repositories.resolver.AbstractResourcePattern::getBase (5 bytes)
Event: 12.776 Thread 0x0000000016c21800 nmethod 2901 0x0000000003d0ec90 code [0x0000000003d0ede0, 0x0000000003d0eef0]
Event: 12.784 Thread 0x0000000016c21800 2902       3       org.apache.xerces.impl.XMLEntityScanner::reset (21 bytes)
Event: 12.784 Thread 0x0000000016c21800 nmethod 2902 0x0000000003d0e910 code [0x0000000003d0ea60, 0x0000000003d0ec10]
Event: 12.785 Thread 0x0000000016c1b000 2903       4       org.apache.xerces.impl.XMLEntityScanner::scanData (1105 bytes)
Event: 12.788 Thread 0x0000000016c21800 2904       1       java.util.Collections$EmptySet::size (2 bytes)
Event: 12.788 Thread 0x0000000016c21800 nmethod 2904 0x0000000003d11ad0 code [0x0000000003d11c20, 0x0000000003d11d30]

GC Heap History (10 events):
Event: 9.343 GC heap before
{Heap before GC invocations=4 (full 0):
 PSYoungGen      total 38400K, used 29023K [0x00000000e0000000, 0x00000000e2a80000, 0x0000000100000000)
  eden space 33280K, 71% used [0x00000000e0000000,0x00000000e1757d50,0x00000000e2080000)
  from space 5120K, 100% used [0x00000000e2080000,0x00000000e2580000,0x00000000e2580000)
  to   space 5120K, 0% used [0x00000000e2580000,0x00000000e2580000,0x00000000e2a80000)
 ParOldGen       total 87552K, used 5222K [0x00000000a0000000, 0x00000000a5580000, 0x00000000e0000000)
  object space 87552K, 5% used [0x00000000a0000000,0x00000000a0519ab0,0x00000000a5580000)
 Metaspace       used 20814K, capacity 21252K, committed 21296K, reserved 1067008K
  class space    used 2704K, capacity 2858K, committed 2864K, reserved 1048576K
Event: 9.361 GC heap after
Heap after GC invocations=4 (full 0):
 PSYoungGen      total 38400K, used 5088K [0x00000000e0000000, 0x00000000e2a80000, 0x0000000100000000)
  eden space 33280K, 0% used [0x00000000e0000000,0x00000000e0000000,0x00000000e2080000)
  from space 5120K, 99% used [0x00000000e2580000,0x00000000e2a78020,0x00000000e2a80000)
  to   space 5120K, 0% used [0x00000000e2080000,0x00000000e2080000,0x00000000e2580000)
 ParOldGen       total 87552K, used 8350K [0x00000000a0000000, 0x00000000a5580000, 0x00000000e0000000)
  object space 87552K, 9% used [0x00000000a0000000,0x00000000a0827aa0,0x00000000a5580000)
 Metaspace       used 20814K, capacity 21252K, committed 21296K, reserved 1067008K
  class space    used 2704K, capacity 2858K, committed 2864K, reserved 1048576K
}
Event: 9.361 GC heap before
{Heap before GC invocations=5 (full 1):
 PSYoungGen      total 38400K, used 5088K [0x00000000e0000000, 0x00000000e2a80000, 0x0000000100000000)
  eden space 33280K, 0% used [0x00000000e0000000,0x00000000e0000000,0x00000000e2080000)
  from space 5120K, 99% used [0x00000000e2580000,0x00000000e2a78020,0x00000000e2a80000)
  to   space 5120K, 0% used [0x00000000e2080000,0x00000000e2080000,0x00000000e2580000)
 ParOldGen       total 87552K, used 8350K [0x00000000a0000000, 0x00000000a5580000, 0x00000000e0000000)
  object space 87552K, 9% used [0x00000000a0000000,0x00000000a0827aa0,0x00000000a5580000)
 Metaspace       used 20814K, capacity 21252K, committed 21296K, reserved 1067008K
  class space    used 2704K, capacity 2858K, committed 2864K, reserved 1048576K
Event: 9.475 GC heap after
Heap after GC invocations=5 (full 1):
 PSYoungGen      total 38400K, used 0K [0x00000000e0000000, 0x00000000e2a80000, 0x0000000100000000)
  eden space 33280K, 0% used [0x00000000e0000000,0x00000000e0000000,0x00000000e2080000)
  from space 5120K, 0% used [0x00000000e2580000,0x00000000e2580000,0x00000000e2a80000)
  to   space 5120K, 0% used [0x00000000e2080000,0x00000000e2080000,0x00000000e2580000)
 ParOldGen       total 69120K, used 9354K [0x00000000a0000000, 0x00000000a4380000, 0x00000000e0000000)
  object space 69120K, 13% used [0x00000000a0000000,0x00000000a0922960,0x00000000a4380000)
 Metaspace       used 20814K, capacity 21252K, committed 21296K, reserved 1067008K
  class space    used 2704K, capacity 2858K, committed 2864K, reserved 1048576K
}
Event: 10.301 GC heap before
{Heap before GC invocations=6 (full 1):
 PSYoungGen      total 38400K, used 33280K [0x00000000e0000000, 0x00000000e2a80000, 0x0000000100000000)
  eden space 33280K, 100% used [0x00000000e0000000,0x00000000e2080000,0x00000000e2080000)
  from space 5120K, 0% used [0x00000000e2580000,0x00000000e2580000,0x00000000e2a80000)
  to   space 5120K, 0% used [0x00000000e2080000,0x00000000e2080000,0x00000000e2580000)
 ParOldGen       total 69120K, used 9354K [0x00000000a0000000, 0x00000000a4380000, 0x00000000e0000000)
  object space 69120K, 13% used [0x00000000a0000000,0x00000000a0922960,0x00000000a4380000)
 Metaspace       used 23454K, capacity 24040K, committed 24112K, reserved 1071104K
  class space    used 3133K, capacity 3317K, committed 3376K, reserved 1048576K
Event: 10.312 GC heap after
Heap after GC invocations=6 (full 1):
 PSYoungGen      total 38400K, used 4421K [0x00000000e0000000, 0x00000000e4300000, 0x0000000100000000)
  eden space 33280K, 0% used [0x00000000e0000000,0x00000000e0000000,0x00000000e2080000)
  from space 5120K, 86% used [0x00000000e2080000,0x00000000e24d1720,0x00000000e2580000)
  to   space 10752K, 0% used [0x00000000e3880000,0x00000000e3880000,0x00000000e4300000)
 ParOldGen       total 69120K, used 9354K [0x00000000a0000000, 0x00000000a4380000, 0x00000000e0000000)
  object space 69120K, 13% used [0x00000000a0000000,0x00000000a0922960,0x00000000a4380000)
 Metaspace       used 23454K, capacity 24040K, committed 24112K, reserved 1071104K
  class space    used 3133K, capacity 3317K, committed 3376K, reserved 1048576K
}
Event: 11.018 GC heap before
{Heap before GC invocations=7 (full 1):
 PSYoungGen      total 38400K, used 37701K [0x00000000e0000000, 0x00000000e4300000, 0x0000000100000000)
  eden space 33280K, 100% used [0x00000000e0000000,0x00000000e2080000,0x00000000e2080000)
  from space 5120K, 86% used [0x00000000e2080000,0x00000000e24d1720,0x00000000e2580000)
  to   space 10752K, 0% used [0x00000000e3880000,0x00000000e3880000,0x00000000e4300000)
 ParOldGen       total 69120K, used 9354K [0x00000000a0000000, 0x00000000a4380000, 0x00000000e0000000)
  object space 69120K, 13% used [0x00000000a0000000,0x00000000a0922960,0x00000000a4380000)
 Metaspace       used 25939K, capacity 26526K, committed 26800K, reserved 1073152K
  class space    used 3561K, capacity 3713K, committed 3760K, reserved 1048576K
Event: 11.026 GC heap after
Heap after GC invocations=7 (full 1):
 PSYoungGen      total 57856K, used 5166K [0x00000000e0000000, 0x00000000e4380000, 0x0000000100000000)
  eden space 47104K, 0% used [0x00000000e0000000,0x00000000e0000000,0x00000000e2e00000)
  from space 10752K, 48% used [0x00000000e3880000,0x00000000e3d8bbf0,0x00000000e4300000)
  to   space 10752K, 0% used [0x00000000e2e00000,0x00000000e2e00000,0x00000000e3880000)
 ParOldGen       total 69120K, used 9362K [0x00000000a0000000, 0x00000000a4380000, 0x00000000e0000000)
  object space 69120K, 13% used [0x00000000a0000000,0x00000000a0924960,0x00000000a4380000)
 Metaspace       used 25939K, capacity 26526K, committed 26800K, reserved 1073152K
  class space    used 3561K, capacity 3713K, committed 3760K, reserved 1048576K
}
Event: 12.037 GC heap before
{Heap before GC invocations=8 (full 1):
 PSYoungGen      total 57856K, used 52270K [0x00000000e0000000, 0x00000000e4380000, 0x0000000100000000)
  eden space 47104K, 100% used [0x00000000e0000000,0x00000000e2e00000,0x00000000e2e00000)
  from space 10752K, 48% used [0x00000000e3880000,0x00000000e3d8bbf0,0x00000000e4300000)
  to   space 10752K, 0% used [0x00000000e2e00000,0x00000000e2e00000,0x00000000e3880000)
 ParOldGen       total 69120K, used 9362K [0x00000000a0000000, 0x00000000a4380000, 0x00000000e0000000)
  object space 69120K, 13% used [0x00000000a0000000,0x00000000a0924960,0x00000000a4380000)
 Metaspace       used 28605K, capacity 29306K, committed 29488K, reserved 1075200K
  class space    used 3914K, capacity 4105K, committed 4144K, reserved 1048576K
Event: 12.046 GC heap after
Heap after GC invocations=8 (full 1):
 PSYoungGen      total 57856K, used 5762K [0x00000000e0000000, 0x00000000e5580000, 0x0000000100000000)
  eden space 47104K, 0% used [0x00000000e0000000,0x00000000e0000000,0x00000000e2e00000)
  from space 10752K, 53% used [0x00000000e2e00000,0x00000000e33a0a48,0x00000000e3880000)
  to   space 10240K, 0% used [0x00000000e4b80000,0x00000000e4b80000,0x00000000e5580000)
 ParOldGen       total 69120K, used 9370K [0x00000000a0000000, 0x00000000a4380000, 0x00000000e0000000)
  object space 69120K, 13% used [0x00000000a0000000,0x00000000a0926960,0x00000000a4380000)
 Metaspace       used 28605K, capacity 29306K, committed 29488K, reserved 1075200K
  class space    used 3914K, capacity 4105K, committed 4144K, reserved 1048576K
}

Deoptimization events (10 events):
Event: 11.674 Thread 0x0000000019909800 Uncommon trap: reason=unstable_if action=reinterpret pc=0x00000000033bdea4 method=org.apache.xerces.impl.XMLEntityScanner.scanContent(Lorg/apache/xerces/xni/XMLString;)I @ 461
Event: 11.676 Thread 0x0000000019909800 Uncommon trap: reason=unstable_if action=reinterpret pc=0x00000000035865d8 method=org.apache.xerces.xni.XMLString.toString()Ljava/lang/String; @ 4
Event: 11.677 Thread 0x0000000019909800 Uncommon trap: reason=unstable_if action=reinterpret pc=0x000000000364c240 method=org.apache.xerces.dom.DeferredDocumentImpl.ensureCapacity(I)V @ 281
Event: 11.680 Thread 0x0000000019909800 Uncommon trap: reason=unstable_if action=reinterpret pc=0x0000000003bb780c method=org.apache.xerces.dom.ParentNode.nodeListGetLength()I @ 22
Event: 11.696 Thread 0x0000000019909800 Uncommon trap: reason=unstable_if action=reinterpret pc=0x0000000003bb358c method=org.apache.xerces.dom.ParentNode.nodeListGetLength()I @ 22
Event: 11.739 Thread 0x0000000019909800 Uncommon trap: reason=unstable_if action=reinterpret pc=0x00000000034490f0 method=org.apache.xerces.parsers.AbstractDOMParser.characters(Lorg/apache/xerces/xni/XMLString;Lorg/apache/xerces/xni/Augmentations;)V @ 266
Event: 12.305 Thread 0x0000000019909800 Uncommon trap: reason=unstable_if action=reinterpret pc=0x00000000033e3224 method=org.apache.xerces.impl.XMLEntityScanner.scanContent(Lorg/apache/xerces/xni/XMLString;)I @ 134
Event: 12.500 Thread 0x0000000019909800 Uncommon trap: reason=unstable_if action=reinterpret pc=0x0000000003c560bc method=org.apache.xerces.impl.XMLEntityScanner.scanData(Ljava/lang/String;Lorg/apache/xerces/util/XMLStringBuffer;)Z @ 332
Event: 12.500 Thread 0x0000000019909800 Uncommon trap: reason=unstable_if action=reinterpret pc=0x00000000034828a8 method=org.apache.xerces.impl.XMLEntityScanner.peekChar()I @ 53
Event: 12.500 Thread 0x0000000019909800 Uncommon trap: reason=unstable_if action=reinterpret pc=0x0000000003cdfe40 method=org.apache.xerces.impl.XMLEntityScanner.scanContent(Lorg/apache/xerces/xni/XMLString;)I @ 684

Internal exceptions (10 events):
Event: 10.336 Thread 0x0000000019909800 Exception <a 'java/lang/ClassNotFoundException': org/gradle/tooling/provider/model/internal/DefaultToolingModelBuilderRegistryCustomizer> (0x00000000e00d8d70) thrown at [C:\src\android\AOSP-openjdk\external\jetbrains\jdk\hotspot\src\share\vm\classfile\syst
Event: 10.537 Thread 0x0000000019909800 Exception <a 'java/lang/ClassNotFoundException': build_l7efvc0gssxrkun7ldwvppgtBeanInfo> (0x00000000e04fb830) thrown at [C:\src\android\AOSP-openjdk\external\jetbrains\jdk\hotspot\src\share\vm\classfile\systemDictionary.cpp, line 210]
Event: 10.538 Thread 0x0000000019909800 Exception <a 'java/lang/ClassNotFoundException': org/gradle/api/internal/project/ProjectScriptBeanInfo> (0x00000000e050a8a8) thrown at [C:\src\android\AOSP-openjdk\external\jetbrains\jdk\hotspot\src\share\vm\classfile\systemDictionary.cpp, line 210]
Event: 10.538 Thread 0x0000000019909800 Exception <a 'java/lang/ClassNotFoundException': org/gradle/api/internal/project/ProjectScriptCustomizer> (0x00000000e0519cb0) thrown at [C:\src\android\AOSP-openjdk\external\jetbrains\jdk\hotspot\src\share\vm\classfile\systemDictionary.cpp, line 210]
Event: 10.539 Thread 0x0000000019909800 Exception <a 'java/lang/ClassNotFoundException': build_l7efvc0gssxrkun7ldwvppgtCustomizer> (0x00000000e0537868) thrown at [C:\src\android\AOSP-openjdk\external\jetbrains\jdk\hotspot\src\share\vm\classfile\systemDictionary.cpp, line 210]
Event: 10.787 Thread 0x0000000019909800 Exception <a 'java/lang/ClassNotFoundException': org/gradle/api/internal/artifacts/dsl/dependencies/DefaultDependencyHandler_DecoratedBeanInfo> (0x00000000e0f30de0) thrown at [C:\src\android\AOSP-openjdk\external\jetbrains\jdk\hotspot\src\share\vm\classfilœ±*z•ì%@
Event: 10.788 Thread 0x0000000019909800 Exception <a 'java/lang/ClassNotFoundException': org/gradle/api/internal/artifacts/dsl/dependencies/DefaultDependencyHandlerBeanInfo> (0x00000000e0f5b040) thrown at [C:\src\android\AOSP-openjdk\external\jetbrains\jdk\hotspot\src\share\vm\classfile\systemDiKW\<î%@
Event: 10.789 Thread 0x0000000019909800 Exception <a 'java/lang/ClassNotFoundException': org/gradle/api/internal/artifacts/dsl/dependencies/DefaultDependencyHandlerCustomizer> (0x00000000e0f859e8) thrown at [C:\src\android\AOSP-openjdk\external\jetbrains\jdk\hotspot\src\share\vm\classfile\systemi¨É∞î%@
Event: 10.790 Thread 0x0000000019909800 Exception <a 'java/lang/ClassNotFoundException': org/gradle/api/internal/artifacts/dsl/dependencies/DefaultDependencyHandler_DecoratedCustomizer> (0x00000000e0fc41a8) thrown at [C:\src\android\AOSP-openjdk\external\jetbrains\jdk\hotspot\src\share\vm\classf≈wã„”-&@
Event: 11.090 Thread 0x0000000019909800 Implicit null exception at 0x0000000003753362 to 0x000000000375383d

Events (10 events):
Event: 12.590 loading class org/gradle/api/internal/artifacts/ivyservice/ivyresolve/parser/data/PomProfile
Event: 12.590 loading class org/gradle/api/internal/artifacts/ivyservice/ivyresolve/parser/data/PomProfile done
Event: 12.613 Thread 0x0000000019909800 DEOPT PACKING pc=0x0000000003ce5e95 sp=0x000000001b0495a0
Event: 12.613 Thread 0x0000000019909800 DEOPT UNPACKING pc=0x00000000032d75bf sp=0x000000001b0492e8 mode 0
Event: 12.641 Thread 0x0000000019909800 DEOPT PACKING pc=0x0000000003ce5e95 sp=0x000000001b04b1b0
Event: 12.641 Thread 0x0000000019909800 DEOPT UNPACKING pc=0x00000000032d75bf sp=0x000000001b04aef8 mode 0
Event: 12.654 Thread 0x0000000019909800 DEOPT PACKING pc=0x0000000003ce5e95 sp=0x000000001b04b1b0
Event: 12.654 Thread 0x0000000019909800 DEOPT UNPACKING pc=0x00000000032d75bf sp=0x000000001b04aef8 mode 0
Event: 12.785 Thread 0x0000000019909800 DEOPT PACKING pc=0x0000000003ce5e95 sp=0x000000001b04b1d0
Event: 12.785 Thread 0x0000000019909800 DEOPT UNPACKING pc=0x00000000032d75bf sp=0x000000001b04af18 mode 0


Dynamic libraries:
0x00007ff7ad8c0000 - 0x00007ff7ad8f1000 	C:\Program Files\Android\Android Studio\jre\bin\java.exe
0x00007ffd0a350000 - 0x00007ffd0a52b000 	C:\WINDOWS\SYSTEM32\ntdll.dll
0x00007ffd07ee0000 - 0x00007ffd07f8e000 	C:\WINDOWS\System32\KERNEL32.DLL
0x00007ffd07080000 - 0x00007ffd072c9000 	C:\WINDOWS\System32\KERNELBASE.dll
0x00007ffd07fc0000 - 0x00007ffd08061000 	C:\WINDOWS\System32\ADVAPI32.dll
0x00007ffd07a70000 - 0x00007ffd07b0d000 	C:\WINDOWS\System32\msvcrt.dll
0x00007ffd07d60000 - 0x00007ffd07db9000 	C:\WINDOWS\System32\sechost.dll
0x00007ffd08de0000 - 0x00007ffd08f05000 	C:\WINDOWS\System32\RPCRT4.dll
0x00007ffd07bb0000 - 0x00007ffd07cfa000 	C:\WINDOWS\System32\USER32.dll
0x00007ffd072d0000 - 0x00007ffd072ee000 	C:\WINDOWS\System32\win32u.dll
0x00007ffd078d0000 - 0x00007ffd078f7000 	C:\WINDOWS\System32\GDI32.dll
0x00007ffd07720000 - 0x00007ffd078a7000 	C:\WINDOWS\System32\gdi32full.dll
0x00007ffd06fe0000 - 0x00007ffd0707a000 	C:\WINDOWS\System32\msvcp_win.dll
0x00007ffd07340000 - 0x00007ffd07436000 	C:\WINDOWS\System32\ucrtbase.dll
0x00007ffcf5090000 - 0x00007ffcf52f7000 	C:\WINDOWS\WinSxS\amd64_microsoft.windows.common-controls_6595b64144ccf1df_6.0.15063.483_none_26002d27e7c744a2\COMCTL32.dll
0x00007ffd08070000 - 0x00007ffd08369000 	C:\WINDOWS\System32\combase.dll
0x00007ffd06f70000 - 0x00007ffd06fda000 	C:\WINDOWS\System32\bcryptPrimitives.dll
0x00007ffd07e40000 - 0x00007ffd07e6d000 	C:\WINDOWS\System32\IMM32.DLL
0x0000000057430000 - 0x0000000057502000 	C:\Program Files\Android\Android Studio\jre\jre\bin\msvcr100.dll
0x00000000575f0000 - 0x0000000057e24000 	C:\Program Files\Android\Android Studio\jre\jre\bin\server\jvm.dll
0x00007ffd078c0000 - 0x00007ffd078c8000 	C:\WINDOWS\System32\PSAPI.DLL
0x00007ffcfdd90000 - 0x00007ffcfdd99000 	C:\WINDOWS\SYSTEM32\WSOCK32.dll
0x00007ffd047f0000 - 0x00007ffd04813000 	C:\WINDOWS\SYSTEM32\WINMM.dll
0x00007ffcf6ed0000 - 0x00007ffcf6eda000 	C:\WINDOWS\SYSTEM32\VERSION.dll
0x00007ffd07e70000 - 0x00007ffd07edc000 	C:\WINDOWS\System32\WS2_32.dll
0x00007ffd04790000 - 0x00007ffd047bb000 	C:\WINDOWS\SYSTEM32\winmmbase.dll
0x00007ffd072f0000 - 0x00007ffd07339000 	C:\WINDOWS\System32\cfgmgr32.dll
0x00007ffcfdd80000 - 0x00007ffcfdd8f000 	C:\Program Files\Android\Android Studio\jre\jre\bin\verify.dll
0x00007ffcec0c0000 - 0x00007ffcec0e9000 	C:\Program Files\Android\Android Studio\jre\jre\bin\java.dll
0x00007ffcfb480000 - 0x00007ffcfb496000 	C:\Program Files\Android\Android Studio\jre\jre\bin\zip.dll
0x00007ffd08f10000 - 0x00007ffd0a347000 	C:\WINDOWS\System32\SHELL32.dll
0x00007ffd08690000 - 0x00007ffd0873a000 	C:\WINDOWS\System32\shcore.dll
0x00007ffd06870000 - 0x00007ffd06f61000 	C:\WINDOWS\System32\windows.storage.dll
0x00007ffd084c0000 - 0x00007ffd08511000 	C:\WINDOWS\System32\shlwapi.dll
0x00007ffd06830000 - 0x00007ffd06841000 	C:\WINDOWS\System32\kernel.appcore.dll
0x00007ffd067e0000 - 0x00007ffd0682c000 	C:\WINDOWS\System32\powrprof.dll
0x00007ffd067c0000 - 0x00007ffd067d5000 	C:\WINDOWS\System32\profapi.dll
0x00007ffce7220000 - 0x00007ffce723a000 	C:\Program Files\Android\Android Studio\jre\jre\bin\net.dll
0x00007ffd060d0000 - 0x00007ffd0612c000 	C:\WINDOWS\system32\mswsock.dll
0x00007ffce03c0000 - 0x00007ffce03d1000 	C:\Program Files\Android\Android Studio\jre\jre\bin\nio.dll
0x00007ffcfaf30000 - 0x00007ffcfaf42000 	C:\Users\syend\.gradle\native\19\windows-amd64\native-platform.dll
0x00007ffd06270000 - 0x00007ffd06287000 	C:\WINDOWS\SYSTEM32\CRYPTSP.dll
0x00007ffd05c90000 - 0x00007ffd05cc4000 	C:\WINDOWS\system32\rsaenh.dll
0x00007ffd06380000 - 0x00007ffd063a5000 	C:\WINDOWS\SYSTEM32\bcrypt.dll
0x00007ffd066c0000 - 0x00007ffd066e9000 	C:\WINDOWS\SYSTEM32\USERENV.dll
0x00007ffd06290000 - 0x00007ffd0629b000 	C:\WINDOWS\SYSTEM32\CRYPTBASE.dll
0x00007ffd05e70000 - 0x00007ffd05ea7000 	C:\WINDOWS\SYSTEM32\IPHLPAPI.DLL
0x00007ffd07f90000 - 0x00007ffd07f98000 	C:\WINDOWS\System32\NSI.dll
0x00007ffcfd340000 - 0x00007ffcfd356000 	C:\WINDOWS\SYSTEM32\dhcpcsvc6.DLL
0x00007ffcfd2e0000 - 0x00007ffcfd2fa000 	C:\WINDOWS\SYSTEM32\dhcpcsvc.DLL
0x00007ffcfb610000 - 0x00007ffcfb61d000 	C:\Program Files\Android\Android Studio\jre\jre\bin\management.dll

VM Arguments:
jvm_args: -Xmx1536m -Dfile.encoding=windows-1252 -Duser.country=US -Duser.language=en -Duser.variant 
java_command: org.gradle.launcher.daemon.bootstrap.GradleDaemon 2.14.1
java_class_path (initial): C:\Users\syend\.gradle\wrapper\dists\gradle-2.14.1-all\8bnwg5hd3w55iofp58khbp6yv\gradle-2.14.1\lib\gradle-launcher-2.14.1.jar
Launcher Type: SUN_STANDARD

Environment Variables:
PATH=C:\WINDOWS\system32;C:\WINDOWS;C:\WINDOWS\System32\Wbem;C:\WINDOWS\System32\WindowsPowerShell\v1.0\;C:\Program Files\Microsoft SQL Server\130\Tools\Binn\;C:\Program Files (x86)\GtkSharp\2.12\bin;C:\Program Files\dotnet\;C:\Program Files\Git\cmd;C:\Program Files\PuTTY\;C:\Program Files (x86)\Java\jdk1.8.0_112\bin;C:\Program Files\nodejs\;C:\Users\syend\AppData\Local\Microsoft\WindowsApps;C:\Users\syend\AppData\Roaming\npm;C:\Program Files\Microsoft VS Code\bin
USERNAME=syend
OS=Windows_NT
PROCESSOR_IDENTIFIER=Intel64 Family 6 Model 78 Stepping 3, GenuineIntel



---------------  S Y S T E M  ---------------

OS: Windows 10.0 , 64 bit Build 15063 (10.0.15063.296)

CPU:total 4 (2 cores per cpu, 2 threads per core) family 6 model 78 stepping 3, cmov, cx8, fxsr, mmx, sse, sse2, sse3, ssse3, sse4.1, sse4.2, popcnt, avx, avx2, aes, clmul, erms, rtm, 3dnowpref, lzcnt, ht, tsc, tscinvbit, bmi1, bmi2, adx

Memory: 4k page, physical 8312080k(1669608k free), swap 9137308k(0k free)

vm_info: OpenJDK 64-Bit Server VM (25.76-b03) for windows-amd64 JRE (1.8.0_76-release-b03), built on Jun 29 2016 19:09:20 by "ralucas" with MS VC++ 10.0 (VS2010)

time: Sun Feb 11 10:25:40 2018
elapsed time: 12 seconds (0d 0h 0m 12s)

